[15:15:10.752] Global cache location '/home/jackson/.cache/typescript/4.1', safe file path '/nix/store/pi70w8nda0jyqakvzn41l4wm9mx48m9k-node_typescript-4.1.5/lib/node_modules/typescript/lib/typingSafeList.json', types map path /nix/store/pi70w8nda0jyqakvzn41l4wm9mx48m9k-node_typescript-4.1.5/lib/node_modules/typescript/lib/typesMap.json
[15:15:10.753] Processing cache location '/home/jackson/.cache/typescript/4.1'
[15:15:10.753] Trying to find '/home/jackson/.cache/typescript/4.1/package.json'...
[15:15:10.753] Loaded content of '/home/jackson/.cache/typescript/4.1/package.json': {"private":true,"dependencies":{"types-registry":"^0.1.529"},"devDependencies":{"@types/async":"^3.2.5","@types/atob":"^2.1.2","@types/express":"^4.17.11","@types/inherits":"0.0.30","@types/lz-string":"^1.3.34","@types/mysql":"^2.15.17","@types/object-assign":"^4.0.30","@types/react":"^17.0.2","@types/react-dom":"^17.0.1","@types/scheduler":"^0.16.1","@types/sprintf":"^0.1.0","@types/testing-library__jest-dom":"^5.9.5","@types/tryer":"^1.0.1"}}
[15:15:10.753] Loaded content of '/home/jackson/.cache/typescript/4.1/package-lock.json'
[15:15:10.760] Adding entry into typings cache: 'async' => '/home/jackson/.cache/typescript/4.1/node_modules/@types/async/index.d.ts'
[15:15:10.762] Adding entry into typings cache: 'atob' => '/home/jackson/.cache/typescript/4.1/node_modules/@types/atob/index.d.ts'
[15:15:10.764] Adding entry into typings cache: 'express' => '/home/jackson/.cache/typescript/4.1/node_modules/@types/express/index.d.ts'
[15:15:10.766] Adding entry into typings cache: 'inherits' => '/home/jackson/.cache/typescript/4.1/node_modules/@types/inherits/index.d.ts'
[15:15:10.768] Adding entry into typings cache: 'lz-string' => '/home/jackson/.cache/typescript/4.1/node_modules/@types/lz-string/index.d.ts'
[15:15:10.770] Adding entry into typings cache: 'mysql' => '/home/jackson/.cache/typescript/4.1/node_modules/@types/mysql/index.d.ts'
[15:15:10.771] Adding entry into typings cache: 'object-assign' => '/home/jackson/.cache/typescript/4.1/node_modules/@types/object-assign/index.d.ts'
[15:15:10.773] Adding entry into typings cache: 'react' => '/home/jackson/.cache/typescript/4.1/node_modules/@types/react/index.d.ts'
[15:15:10.776] Adding entry into typings cache: 'react-dom' => '/home/jackson/.cache/typescript/4.1/node_modules/@types/react-dom/index.d.ts'
[15:15:10.778] Adding entry into typings cache: 'scheduler' => '/home/jackson/.cache/typescript/4.1/node_modules/@types/scheduler/index.d.ts'
[15:15:10.779] Adding entry into typings cache: 'sprintf' => '/home/jackson/.cache/typescript/4.1/node_modules/@types/sprintf/index.d.ts'
[15:15:10.781] Adding entry into typings cache: 'testing-library__jest-dom' => '/home/jackson/.cache/typescript/4.1/node_modules/@types/testing-library__jest-dom/index.d.ts'
[15:15:10.782] Adding entry into typings cache: 'tryer' => '/home/jackson/.cache/typescript/4.1/node_modules/@types/tryer/index.d.ts'
[15:15:10.782] Finished processing cache location '/home/jackson/.cache/typescript/4.1'
[15:15:10.782] Process id: 278
[15:15:10.782] NPM location: /nix/store/q0v2lqw9zb0dwag2h5s548cf32bncr66-nodejs-14.15.5/bin/npm (explicit '--npmLocation' not  provided)
[15:15:10.782] validateDefaultNpmLocation: false
[15:15:10.782] Npm config file: /home/jackson/.cache/typescript/4.1/package.json
[15:15:10.782] Updating types-registry npm package...
[15:15:10.782] Exec: /nix/store/q0v2lqw9zb0dwag2h5s548cf32bncr66-nodejs-14.15.5/bin/npm install --ignore-scripts types-registry@latest
[15:15:11.494]     Succeeded. stdout:
    + types-registry@0.1.529
    updated 1 package and audited 43 packages in 0.453s

2 packages are looking for funding
  run `npm fund` for details

found 0 vulnerabilities


[15:15:11.494] Updated types-registry npm package
[15:15:11.507] Got install request {"projectName":"/dev/null/inferredProject1*","fileNames":["/nix/store/pi70w8nda0jyqakvzn41l4wm9mx48m9k-node_typescript-4.1.5/lib/node_modules/typescript/lib/lib.es5.d.ts","/nix/store/pi70w8nda0jyqakvzn41l4wm9mx48m9k-node_typescript-4.1.5/lib/node_modules/typescript/lib/lib.es2015.d.ts","/nix/store/pi70w8nda0jyqakvzn41l4wm9mx48m9k-node_typescript-4.1.5/lib/node_modules/typescript/lib/lib.es2016.d.ts","/nix/store/pi70w8nda0jyqakvzn41l4wm9mx48m9k-node_typescript-4.1.5/lib/node_modules/typescript/lib/lib.dom.d.ts","/nix/store/pi70w8nda0jyqakvzn41l4wm9mx48m9k-node_typescript-4.1.5/lib/node_modules/typescript/lib/lib.dom.iterable.d.ts","/nix/store/pi70w8nda0jyqakvzn41l4wm9mx48m9k-node_typescript-4.1.5/lib/node_modules/typescript/lib/lib.webworker.importscripts.d.ts","/nix/store/pi70w8nda0jyqakvzn41l4wm9mx48m9k-node_typescript-4.1.5/lib/node_modules/typescript/lib/lib.scripthost.d.ts","/nix/store/pi70w8nda0jyqakvzn41l4wm9mx48m9k-node_typescript-4.1.5/lib/node_modules/typescript/lib/lib.es2015.core.d.ts","/nix/store/pi70w8nda0jyqakvzn41l4wm9mx48m9k-node_typescript-4.1.5/lib/node_modules/typescript/lib/lib.es2015.collection.d.ts","/nix/store/pi70w8nda0jyqakvzn41l4wm9mx48m9k-node_typescript-4.1.5/lib/node_modules/typescript/lib/lib.es2015.generator.d.ts","/nix/store/pi70w8nda0jyqakvzn41l4wm9mx48m9k-node_typescript-4.1.5/lib/node_modules/typescript/lib/lib.es2015.iterable.d.ts","/nix/store/pi70w8nda0jyqakvzn41l4wm9mx48m9k-node_typescript-4.1.5/lib/node_modules/typescript/lib/lib.es2015.promise.d.ts","/nix/store/pi70w8nda0jyqakvzn41l4wm9mx48m9k-node_typescript-4.1.5/lib/node_modules/typescript/lib/lib.es2015.proxy.d.ts","/nix/store/pi70w8nda0jyqakvzn41l4wm9mx48m9k-node_typescript-4.1.5/lib/node_modules/typescript/lib/lib.es2015.reflect.d.ts","/nix/store/pi70w8nda0jyqakvzn41l4wm9mx48m9k-node_typescript-4.1.5/lib/node_modules/typescript/lib/lib.es2015.symbol.d.ts","/nix/store/pi70w8nda0jyqakvzn41l4wm9mx48m9k-node_typescript-4.1.5/lib/node_modules/typescript/lib/lib.es2015.symbol.wellknown.d.ts","/nix/store/pi70w8nda0jyqakvzn41l4wm9mx48m9k-node_typescript-4.1.5/lib/node_modules/typescript/lib/lib.es2016.array.include.d.ts","/nix/store/pi70w8nda0jyqakvzn41l4wm9mx48m9k-node_typescript-4.1.5/lib/node_modules/typescript/lib/lib.es2016.full.d.ts","/home/jackson/git_repos/TODO_TRACKER_316_HW1/src/todo/ToDoList.js","/home/jackson/git_repos/TODO_TRACKER_316_HW1/src/todo/ToDoListItem.js","/home/jackson/git_repos/TODO_TRACKER_316_HW1/src/common/jsTPS.js","/home/jackson/git_repos/TODO_TRACKER_316_HW1/src/todo/transactions/AddNewItem_Transaction.js","/home/jackson/git_repos/TODO_TRACKER_316_HW1/src/todo/ToDoModel.js","/home/jackson/git_repos/TODO_TRACKER_316_HW1/src/todo/ToDoView.js","/home/jackson/git_repos/TODO_TRACKER_316_HW1/src/todo/ToDoController.js","/home/jackson/git_repos/TODO_TRACKER_316_HW1/src/todo/ToDoTrackerApp.js"],"compilerOptions":{"module":1,"target":3,"jsx":1,"allowJs":true,"allowSyntheticDefaultImports":true,"allowNonTsExtensions":true,"noEmitForJsFiles":true,"maxNodeModuleJsDepth":2},"typeAcquisition":{"enable":true,"include":[],"exclude":[]},"unresolvedImports":[],"projectRootPath":"/home/jackson/git_repos/TODO_TRACKER_316_HW1/src/todo","kind":"discover"}
[15:15:11.520] Loaded safelist from types map file '/nix/store/pi70w8nda0jyqakvzn41l4wm9mx48m9k-node_typescript-4.1.5/lib/node_modules/typescript/lib/typesMap.json'
[15:15:11.520] Explicitly included types: []
[15:15:11.521] Inferred typings from unresolved imports: []
[15:15:11.521] Result: {"cachedTypingPaths":[],"newTypingNames":[],"filesToWatch":["/home/jackson/git_repos/TODO_TRACKER_316_HW1/src/todo/bower_components","/home/jackson/git_repos/TODO_TRACKER_316_HW1/src/todo/node_modules","/home/jackson/git_repos/TODO_TRACKER_316_HW1/src/common/bower_components","/home/jackson/git_repos/TODO_TRACKER_316_HW1/src/common/node_modules","/home/jackson/git_repos/TODO_TRACKER_316_HW1/src/todo/transactions/bower_components","/home/jackson/git_repos/TODO_TRACKER_316_HW1/src/todo/transactions/node_modules"]}
[15:15:11.521] Finished typings discovery: {"cachedTypingPaths":[],"newTypingNames":[],"filesToWatch":["/home/jackson/git_repos/TODO_TRACKER_316_HW1/src/todo/bower_components","/home/jackson/git_repos/TODO_TRACKER_316_HW1/src/todo/node_modules","/home/jackson/git_repos/TODO_TRACKER_316_HW1/src/common/bower_components","/home/jackson/git_repos/TODO_TRACKER_316_HW1/src/common/node_modules","/home/jackson/git_repos/TODO_TRACKER_316_HW1/src/todo/transactions/bower_components","/home/jackson/git_repos/TODO_TRACKER_316_HW1/src/todo/transactions/node_modules"]}
[15:15:11.521] DirectoryWatcher:: Added:: WatchInfo: /home/jackson/git_repos/TODO_TRACKER_316_HW1/src/todo/bower_components
[15:15:11.523] DirectoryWatcher:: Added:: WatchInfo: /home/jackson/git_repos/TODO_TRACKER_316_HW1/src/todo/node_modules
[15:15:11.523] DirectoryWatcher:: Added:: WatchInfo: /home/jackson/git_repos/TODO_TRACKER_316_HW1/src/common/bower_components
[15:15:11.523] DirectoryWatcher:: Added:: WatchInfo: /home/jackson/git_repos/TODO_TRACKER_316_HW1/src/common/node_modules
[15:15:11.523] DirectoryWatcher:: Added:: WatchInfo: /home/jackson/git_repos/TODO_TRACKER_316_HW1/src/todo/transactions
[15:15:11.524] Sending response:
    {"projectName":"/dev/null/inferredProject1*","typeAcquisition":{"enable":true,"include":[],"exclude":[]},"compilerOptions":{"module":1,"target":3,"jsx":1,"allowJs":true,"allowSyntheticDefaultImports":true,"allowNonTsExtensions":true,"noEmitForJsFiles":true,"maxNodeModuleJsDepth":2},"typings":[],"unresolvedImports":[],"kind":"action::set"}
[15:15:11.524] Response has been sent.
[15:15:11.524] No new typings were requested as a result of typings discovery
