[10:46:42.937] Global cache location '/home/jackson/.cache/typescript/4.1', safe file path '/nix/store/pi70w8nda0jyqakvzn41l4wm9mx48m9k-node_typescript-4.1.5/lib/node_modules/typescript/lib/typingSafeList.json', types map path /nix/store/pi70w8nda0jyqakvzn41l4wm9mx48m9k-node_typescript-4.1.5/lib/node_modules/typescript/lib/typesMap.json
[10:46:42.938] Processing cache location '/home/jackson/.cache/typescript/4.1'
[10:46:42.938] Trying to find '/home/jackson/.cache/typescript/4.1/package.json'...
[10:46:42.939] Loaded content of '/home/jackson/.cache/typescript/4.1/package.json': {"private":true,"dependencies":{"types-registry":"^0.1.529"},"devDependencies":{"@types/async":"^3.2.5","@types/atob":"^2.1.2","@types/express":"^4.17.11","@types/inherits":"0.0.30","@types/lz-string":"^1.3.34","@types/mysql":"^2.15.17","@types/object-assign":"^4.0.30","@types/react":"^17.0.2","@types/react-dom":"^17.0.1","@types/scheduler":"^0.16.1","@types/sprintf":"^0.1.0","@types/testing-library__jest-dom":"^5.9.5","@types/tryer":"^1.0.1"}}
[10:46:42.939] Loaded content of '/home/jackson/.cache/typescript/4.1/package-lock.json'
[10:46:42.947] Adding entry into typings cache: 'async' => '/home/jackson/.cache/typescript/4.1/node_modules/@types/async/index.d.ts'
[10:46:42.949] Adding entry into typings cache: 'atob' => '/home/jackson/.cache/typescript/4.1/node_modules/@types/atob/index.d.ts'
[10:46:42.952] Adding entry into typings cache: 'express' => '/home/jackson/.cache/typescript/4.1/node_modules/@types/express/index.d.ts'
[10:46:42.954] Adding entry into typings cache: 'inherits' => '/home/jackson/.cache/typescript/4.1/node_modules/@types/inherits/index.d.ts'
[10:46:42.956] Adding entry into typings cache: 'lz-string' => '/home/jackson/.cache/typescript/4.1/node_modules/@types/lz-string/index.d.ts'
[10:46:42.958] Adding entry into typings cache: 'mysql' => '/home/jackson/.cache/typescript/4.1/node_modules/@types/mysql/index.d.ts'
[10:46:42.960] Adding entry into typings cache: 'object-assign' => '/home/jackson/.cache/typescript/4.1/node_modules/@types/object-assign/index.d.ts'
[10:46:42.963] Adding entry into typings cache: 'react' => '/home/jackson/.cache/typescript/4.1/node_modules/@types/react/index.d.ts'
[10:46:42.966] Adding entry into typings cache: 'react-dom' => '/home/jackson/.cache/typescript/4.1/node_modules/@types/react-dom/index.d.ts'
[10:46:42.968] Adding entry into typings cache: 'scheduler' => '/home/jackson/.cache/typescript/4.1/node_modules/@types/scheduler/index.d.ts'
[10:46:42.970] Adding entry into typings cache: 'sprintf' => '/home/jackson/.cache/typescript/4.1/node_modules/@types/sprintf/index.d.ts'
[10:46:42.972] Adding entry into typings cache: 'testing-library__jest-dom' => '/home/jackson/.cache/typescript/4.1/node_modules/@types/testing-library__jest-dom/index.d.ts'
[10:46:42.974] Adding entry into typings cache: 'tryer' => '/home/jackson/.cache/typescript/4.1/node_modules/@types/tryer/index.d.ts'
[10:46:42.974] Finished processing cache location '/home/jackson/.cache/typescript/4.1'
[10:46:42.974] Process id: 659
[10:46:42.974] NPM location: /nix/store/q0v2lqw9zb0dwag2h5s548cf32bncr66-nodejs-14.15.5/bin/npm (explicit '--npmLocation' not  provided)
[10:46:42.974] validateDefaultNpmLocation: false
[10:46:42.974] Npm config file: /home/jackson/.cache/typescript/4.1/package.json
[10:46:42.974] Updating types-registry npm package...
[10:46:42.974] Exec: /nix/store/q0v2lqw9zb0dwag2h5s548cf32bncr66-nodejs-14.15.5/bin/npm install --ignore-scripts types-registry@latest
[10:46:44.157]     Succeeded. stdout:
    + types-registry@0.1.529
    updated 1 package and audited 43 packages in 0.712s

2 packages are looking for funding
  run `npm fund` for details

found 0 vulnerabilities


[10:46:44.157] Updated types-registry npm package
[10:46:44.170] Got install request {"projectName":"/dev/null/inferredProject1*","fileNames":["/nix/store/pi70w8nda0jyqakvzn41l4wm9mx48m9k-node_typescript-4.1.5/lib/node_modules/typescript/lib/lib.es5.d.ts","/nix/store/pi70w8nda0jyqakvzn41l4wm9mx48m9k-node_typescript-4.1.5/lib/node_modules/typescript/lib/lib.es2015.d.ts","/nix/store/pi70w8nda0jyqakvzn41l4wm9mx48m9k-node_typescript-4.1.5/lib/node_modules/typescript/lib/lib.es2016.d.ts","/nix/store/pi70w8nda0jyqakvzn41l4wm9mx48m9k-node_typescript-4.1.5/lib/node_modules/typescript/lib/lib.dom.d.ts","/nix/store/pi70w8nda0jyqakvzn41l4wm9mx48m9k-node_typescript-4.1.5/lib/node_modules/typescript/lib/lib.dom.iterable.d.ts","/nix/store/pi70w8nda0jyqakvzn41l4wm9mx48m9k-node_typescript-4.1.5/lib/node_modules/typescript/lib/lib.webworker.importscripts.d.ts","/nix/store/pi70w8nda0jyqakvzn41l4wm9mx48m9k-node_typescript-4.1.5/lib/node_modules/typescript/lib/lib.scripthost.d.ts","/nix/store/pi70w8nda0jyqakvzn41l4wm9mx48m9k-node_typescript-4.1.5/lib/node_modules/typescript/lib/lib.es2015.core.d.ts","/nix/store/pi70w8nda0jyqakvzn41l4wm9mx48m9k-node_typescript-4.1.5/lib/node_modules/typescript/lib/lib.es2015.collection.d.ts","/nix/store/pi70w8nda0jyqakvzn41l4wm9mx48m9k-node_typescript-4.1.5/lib/node_modules/typescript/lib/lib.es2015.generator.d.ts","/nix/store/pi70w8nda0jyqakvzn41l4wm9mx48m9k-node_typescript-4.1.5/lib/node_modules/typescript/lib/lib.es2015.iterable.d.ts","/nix/store/pi70w8nda0jyqakvzn41l4wm9mx48m9k-node_typescript-4.1.5/lib/node_modules/typescript/lib/lib.es2015.promise.d.ts","/nix/store/pi70w8nda0jyqakvzn41l4wm9mx48m9k-node_typescript-4.1.5/lib/node_modules/typescript/lib/lib.es2015.proxy.d.ts","/nix/store/pi70w8nda0jyqakvzn41l4wm9mx48m9k-node_typescript-4.1.5/lib/node_modules/typescript/lib/lib.es2015.reflect.d.ts","/nix/store/pi70w8nda0jyqakvzn41l4wm9mx48m9k-node_typescript-4.1.5/lib/node_modules/typescript/lib/lib.es2015.symbol.d.ts","/nix/store/pi70w8nda0jyqakvzn41l4wm9mx48m9k-node_typescript-4.1.5/lib/node_modules/typescript/lib/lib.es2015.symbol.wellknown.d.ts","/nix/store/pi70w8nda0jyqakvzn41l4wm9mx48m9k-node_typescript-4.1.5/lib/node_modules/typescript/lib/lib.es2016.array.include.d.ts","/nix/store/pi70w8nda0jyqakvzn41l4wm9mx48m9k-node_typescript-4.1.5/lib/node_modules/typescript/lib/lib.es2016.full.d.ts","/home/jackson/git_repos/TODO_TRACKER_316_HW1/src/todo/ToDoList.js","/home/jackson/git_repos/TODO_TRACKER_316_HW1/src/todo/ToDoListItem.js","/home/jackson/git_repos/TODO_TRACKER_316_HW1/src/common/jsTPS.js","/home/jackson/git_repos/TODO_TRACKER_316_HW1/src/todo/transactions/AddNewItem_Transaction.js","/home/jackson/git_repos/TODO_TRACKER_316_HW1/src/todo/ToDoModel.js"],"compilerOptions":{"module":1,"target":3,"jsx":1,"allowJs":true,"allowSyntheticDefaultImports":true,"allowNonTsExtensions":true,"noEmitForJsFiles":true,"maxNodeModuleJsDepth":2},"typeAcquisition":{"enable":true,"include":[],"exclude":[]},"unresolvedImports":[],"projectRootPath":"/home/jackson/git_repos/TODO_TRACKER_316_HW1/src/todo","kind":"discover"}
[10:46:44.183] Loaded safelist from types map file '/nix/store/pi70w8nda0jyqakvzn41l4wm9mx48m9k-node_typescript-4.1.5/lib/node_modules/typescript/lib/typesMap.json'
[10:46:44.183] Explicitly included types: []
[10:46:44.184] Inferred typings from unresolved imports: []
[10:46:44.184] Result: {"cachedTypingPaths":[],"newTypingNames":[],"filesToWatch":["/home/jackson/git_repos/TODO_TRACKER_316_HW1/src/todo/bower_components","/home/jackson/git_repos/TODO_TRACKER_316_HW1/src/todo/node_modules","/home/jackson/git_repos/TODO_TRACKER_316_HW1/src/common/bower_components","/home/jackson/git_repos/TODO_TRACKER_316_HW1/src/common/node_modules","/home/jackson/git_repos/TODO_TRACKER_316_HW1/src/todo/transactions/bower_components","/home/jackson/git_repos/TODO_TRACKER_316_HW1/src/todo/transactions/node_modules"]}
[10:46:44.184] Finished typings discovery: {"cachedTypingPaths":[],"newTypingNames":[],"filesToWatch":["/home/jackson/git_repos/TODO_TRACKER_316_HW1/src/todo/bower_components","/home/jackson/git_repos/TODO_TRACKER_316_HW1/src/todo/node_modules","/home/jackson/git_repos/TODO_TRACKER_316_HW1/src/common/bower_components","/home/jackson/git_repos/TODO_TRACKER_316_HW1/src/common/node_modules","/home/jackson/git_repos/TODO_TRACKER_316_HW1/src/todo/transactions/bower_components","/home/jackson/git_repos/TODO_TRACKER_316_HW1/src/todo/transactions/node_modules"]}
[10:46:44.184] DirectoryWatcher:: Added:: WatchInfo: /home/jackson/git_repos/TODO_TRACKER_316_HW1/src/todo/bower_components
[10:46:44.185] DirectoryWatcher:: Added:: WatchInfo: /home/jackson/git_repos/TODO_TRACKER_316_HW1/src/todo/node_modules
[10:46:44.186] DirectoryWatcher:: Added:: WatchInfo: /home/jackson/git_repos/TODO_TRACKER_316_HW1/src/common/bower_components
[10:46:44.186] DirectoryWatcher:: Added:: WatchInfo: /home/jackson/git_repos/TODO_TRACKER_316_HW1/src/common/node_modules
[10:46:44.186] DirectoryWatcher:: Added:: WatchInfo: /home/jackson/git_repos/TODO_TRACKER_316_HW1/src/todo/transactions
[10:46:44.186] Sending response:
    {"projectName":"/dev/null/inferredProject1*","typeAcquisition":{"enable":true,"include":[],"exclude":[]},"compilerOptions":{"module":1,"target":3,"jsx":1,"allowJs":true,"allowSyntheticDefaultImports":true,"allowNonTsExtensions":true,"noEmitForJsFiles":true,"maxNodeModuleJsDepth":2},"typings":[],"unresolvedImports":[],"kind":"action::set"}
[10:46:44.187] Response has been sent.
[10:46:44.187] No new typings were requested as a result of typings discovery
[10:47:47.319] Got install request {"projectName":"/dev/null/inferredProject2*","fileNames":["/nix/store/pi70w8nda0jyqakvzn41l4wm9mx48m9k-node_typescript-4.1.5/lib/node_modules/typescript/lib/lib.es5.d.ts","/nix/store/pi70w8nda0jyqakvzn41l4wm9mx48m9k-node_typescript-4.1.5/lib/node_modules/typescript/lib/lib.es2015.d.ts","/nix/store/pi70w8nda0jyqakvzn41l4wm9mx48m9k-node_typescript-4.1.5/lib/node_modules/typescript/lib/lib.es2016.d.ts","/nix/store/pi70w8nda0jyqakvzn41l4wm9mx48m9k-node_typescript-4.1.5/lib/node_modules/typescript/lib/lib.dom.d.ts","/nix/store/pi70w8nda0jyqakvzn41l4wm9mx48m9k-node_typescript-4.1.5/lib/node_modules/typescript/lib/lib.dom.iterable.d.ts","/nix/store/pi70w8nda0jyqakvzn41l4wm9mx48m9k-node_typescript-4.1.5/lib/node_modules/typescript/lib/lib.webworker.importscripts.d.ts","/nix/store/pi70w8nda0jyqakvzn41l4wm9mx48m9k-node_typescript-4.1.5/lib/node_modules/typescript/lib/lib.scripthost.d.ts","/nix/store/pi70w8nda0jyqakvzn41l4wm9mx48m9k-node_typescript-4.1.5/lib/node_modules/typescript/lib/lib.es2015.core.d.ts","/nix/store/pi70w8nda0jyqakvzn41l4wm9mx48m9k-node_typescript-4.1.5/lib/node_modules/typescript/lib/lib.es2015.collection.d.ts","/nix/store/pi70w8nda0jyqakvzn41l4wm9mx48m9k-node_typescript-4.1.5/lib/node_modules/typescript/lib/lib.es2015.generator.d.ts","/nix/store/pi70w8nda0jyqakvzn41l4wm9mx48m9k-node_typescript-4.1.5/lib/node_modules/typescript/lib/lib.es2015.iterable.d.ts","/nix/store/pi70w8nda0jyqakvzn41l4wm9mx48m9k-node_typescript-4.1.5/lib/node_modules/typescript/lib/lib.es2015.promise.d.ts","/nix/store/pi70w8nda0jyqakvzn41l4wm9mx48m9k-node_typescript-4.1.5/lib/node_modules/typescript/lib/lib.es2015.proxy.d.ts","/nix/store/pi70w8nda0jyqakvzn41l4wm9mx48m9k-node_typescript-4.1.5/lib/node_modules/typescript/lib/lib.es2015.reflect.d.ts","/nix/store/pi70w8nda0jyqakvzn41l4wm9mx48m9k-node_typescript-4.1.5/lib/node_modules/typescript/lib/lib.es2015.symbol.d.ts","/nix/store/pi70w8nda0jyqakvzn41l4wm9mx48m9k-node_typescript-4.1.5/lib/node_modules/typescript/lib/lib.es2015.symbol.wellknown.d.ts","/nix/store/pi70w8nda0jyqakvzn41l4wm9mx48m9k-node_typescript-4.1.5/lib/node_modules/typescript/lib/lib.es2016.array.include.d.ts","/nix/store/pi70w8nda0jyqakvzn41l4wm9mx48m9k-node_typescript-4.1.5/lib/node_modules/typescript/lib/lib.es2016.full.d.ts","/home/jackson/git_repos/TODO_TRACKER_316_HW1/src/todo/ToDoView.js"],"compilerOptions":{"module":1,"target":3,"jsx":1,"allowJs":true,"allowSyntheticDefaultImports":true,"allowNonTsExtensions":true,"noEmitForJsFiles":true,"maxNodeModuleJsDepth":2},"typeAcquisition":{"enable":true,"include":[],"exclude":[]},"unresolvedImports":[],"projectRootPath":"/home/jackson/git_repos/TODO_TRACKER_316_HW1/src/todo","kind":"discover"}
[10:47:47.320] Explicitly included types: []
[10:47:47.320] Inferred typings from unresolved imports: []
[10:47:47.320] Result: {"cachedTypingPaths":[],"newTypingNames":[],"filesToWatch":["/home/jackson/git_repos/TODO_TRACKER_316_HW1/src/todo/bower_components","/home/jackson/git_repos/TODO_TRACKER_316_HW1/src/todo/node_modules"]}
[10:47:47.320] Finished typings discovery: {"cachedTypingPaths":[],"newTypingNames":[],"filesToWatch":["/home/jackson/git_repos/TODO_TRACKER_316_HW1/src/todo/bower_components","/home/jackson/git_repos/TODO_TRACKER_316_HW1/src/todo/node_modules"]}
[10:47:47.320] DirectoryWatcher:: Added:: WatchInfo: /home/jackson/git_repos/TODO_TRACKER_316_HW1/src/todo/bower_components
[10:47:47.320] DirectoryWatcher:: Added:: WatchInfo: /home/jackson/git_repos/TODO_TRACKER_316_HW1/src/todo/node_modules
[10:47:47.320] Sending response:
    {"projectName":"/dev/null/inferredProject2*","typeAcquisition":{"enable":true,"include":[],"exclude":[]},"compilerOptions":{"module":1,"target":3,"jsx":1,"allowJs":true,"allowSyntheticDefaultImports":true,"allowNonTsExtensions":true,"noEmitForJsFiles":true,"maxNodeModuleJsDepth":2},"typings":[],"unresolvedImports":[],"kind":"action::set"}
[10:47:47.320] Response has been sent.
[10:47:47.320] No new typings were requested as a result of typings discovery
