Info 0    [09:35:38.765] Starting TS Server
Info 1    [09:35:38.767] Version: 4.1.5
Info 2    [09:35:38.767] Arguments: /nix/store/q0v2lqw9zb0dwag2h5s548cf32bncr66-nodejs-14.15.5/bin/node /home/jackson/.nix-profile/bin/tsserver --logFile /home/jackson/git_repos/TODO_TRACKER_316_HW1/.log/tsserver.log --logVerbosity info --cancellationPipeName /tmp/51cc255cc344ab680e8249e2c6c410bb/tscancellation*
Info 3    [09:35:38.767] Platform: linux NodeVersion: 14 CaseSensitive: true
Info 4    [09:35:38.767] ServerMode: undefined syntaxOnly: false hasUnknownServerMode: undefined
Info 5    [09:35:38.775] Search path: /home/jackson/git_repos/TODO_TRACKER_316_HW1/src/todo
Info 6    [09:35:38.776] For info: /home/jackson/git_repos/TODO_TRACKER_316_HW1/src/todo/ToDoController.js :: No config files found.
Info 7    [09:35:38.778] Starting updateGraphWorker: Project: /dev/null/inferredProject1*
Info 8    [09:35:39.292] Finishing updateGraphWorker: Project: /dev/null/inferredProject1* Version: 1 structureChanged: true Elapsed: 513.4835000000894ms
Info 9    [09:35:39.292] Project '/dev/null/inferredProject1*' (Inferred)
Info 10   [09:35:39.292] 	Files (19)

Info 11   [09:35:39.292] -----------------------------------------------
Info 12   [09:35:40.356] Starting updateGraphWorker: Project: /dev/null/inferredProject1*
Info 13   [09:35:40.357] Finishing updateGraphWorker: Project: /dev/null/inferredProject1* Version: 2 structureChanged: false Elapsed: 0.40890000003855675ms
Info 14   [09:35:42.606] Before ensureProjectForOpenFiles:
Info 15   [09:35:42.606] After ensureProjectForOpenFiles:
Info 16   [09:35:42.607] got projects updated in background, updating diagnostics for /home/jackson/git_repos/TODO_TRACKER_316_HW1/src/todo/ToDoController.js
Info 17   [09:35:58.415] Search path: /home/jackson/git_repos/TODO_TRACKER_316_HW1/src/todo
Info 18   [09:35:58.415] For info: /home/jackson/git_repos/TODO_TRACKER_316_HW1/src/todo/ToDoModel.js :: No config files found.
Info 19   [09:35:58.416] Starting updateGraphWorker: Project: /dev/null/inferredProject2*
Info 20   [09:35:58.443] Finishing updateGraphWorker: Project: /dev/null/inferredProject2* Version: 1 structureChanged: true Elapsed: 27.64069999998901ms
Info 21   [09:35:58.443] Project '/dev/null/inferredProject2*' (Inferred)
Info 22   [09:35:58.444] 	Files (23)

Info 23   [09:35:58.444] -----------------------------------------------
Info 24   [09:35:58.617] Starting updateGraphWorker: Project: /dev/null/inferredProject2*
Info 25   [09:35:58.617] Finishing updateGraphWorker: Project: /dev/null/inferredProject2* Version: 2 structureChanged: false Elapsed: 0.32370000006631017ms
Info 26   [09:36:01.047] Before ensureProjectForOpenFiles:
Info 27   [09:36:01.047] After ensureProjectForOpenFiles:
Info 28   [09:36:01.047] got projects updated in background, updating diagnostics for /home/jackson/git_repos/TODO_TRACKER_316_HW1/src/todo/ToDoController.js,/home/jackson/git_repos/TODO_TRACKER_316_HW1/src/todo/ToDoModel.js
Info 29   [10:25:08.255] Starting updateGraphWorker: Project: /dev/null/inferredProject1*
Info 30   [10:25:08.263] Finishing updateGraphWorker: Project: /dev/null/inferredProject1* Version: 3 structureChanged: false Elapsed: 7.954200000036508ms
Info 31   [10:25:08.263] Different program with same set of files:: structureIsReused:: 2
Info 32   [10:25:08.559] Starting updateGraphWorker: Project: /dev/null/inferredProject1*
Info 33   [10:25:08.564] Finishing updateGraphWorker: Project: /dev/null/inferredProject1* Version: 4 structureChanged: false Elapsed: 4.779199999757111ms
Info 34   [10:25:08.564] Different program with same set of files:: structureIsReused:: 2
Info 35   [10:25:09.426] Starting updateGraphWorker: Project: /dev/null/inferredProject1*
Info 36   [10:25:09.430] Finishing updateGraphWorker: Project: /dev/null/inferredProject1* Version: 5 structureChanged: false Elapsed: 3.6334999999962747ms
Info 37   [10:25:09.430] Different program with same set of files:: structureIsReused:: 2
Info 38   [10:25:10.406] Starting updateGraphWorker: Project: /dev/null/inferredProject1*
Info 39   [10:25:10.410] Finishing updateGraphWorker: Project: /dev/null/inferredProject1* Version: 6 structureChanged: false Elapsed: 4.529199999757111ms
Info 40   [10:25:10.410] Different program with same set of files:: structureIsReused:: 2
Info 41   [10:25:42.792] Starting updateGraphWorker: Project: /dev/null/inferredProject1*
Info 42   [10:25:42.796] Finishing updateGraphWorker: Project: /dev/null/inferredProject1* Version: 7 structureChanged: false Elapsed: 3.6214999998919666ms
Info 43   [10:25:42.796] Different program with same set of files:: structureIsReused:: 2
Info 44   [10:25:43.093] getCompletionData: Get current token: 0.01780000003054738
Info 45   [10:25:43.093] getCompletionData: Is inside comment: 0.07280000019818544
Info 46   [10:25:43.093] getCompletionData: Get previous token 1: 0.06210000021383166
Info 47   [10:25:43.093] getCompletionData: Get previous token 2: 0.060800000093877316
Info 48   [10:25:43.093] getCompletionsAtPosition: isCompletionListBlocker: 0.1382999997586012
Info 49   [10:25:43.097] getSymbolsFromOtherSourceFileExports: Recomputing list
Info 50   [10:25:43.098] forEachExternalModuleToImportFrom: filtered out 0 modules by package.json contents
Info 51   [10:25:43.098] getSymbolsFromOtherSourceFileExports: 0.5307000000029802
Info 52   [10:25:43.099] getCompletionData: Semantic work: 5.508499999996275
Info 53   [10:25:43.113] getCompletionsAtPosition: getCompletionEntriesFromSymbols: 14.40720000024885
Info 54   [10:25:44.320] Starting updateGraphWorker: Project: /dev/null/inferredProject1*
Info 55   [10:25:44.326] Finishing updateGraphWorker: Project: /dev/null/inferredProject1* Version: 8 structureChanged: false Elapsed: 6.029500000178814ms
Info 56   [10:25:44.326] Different program with same set of files:: structureIsReused:: 2
Info 57   [10:25:44.879] Starting updateGraphWorker: Project: /dev/null/inferredProject1*
Info 58   [10:25:44.883] Finishing updateGraphWorker: Project: /dev/null/inferredProject1* Version: 9 structureChanged: false Elapsed: 3.5901000001467764ms
Info 59   [10:25:44.883] Different program with same set of files:: structureIsReused:: 2
Info 60   [10:25:45.395] Starting updateGraphWorker: Project: /dev/null/inferredProject1*
Info 61   [10:25:45.399] Finishing updateGraphWorker: Project: /dev/null/inferredProject1* Version: 10 structureChanged: false Elapsed: 3.9991000001318753ms
Info 62   [10:25:45.399] Different program with same set of files:: structureIsReused:: 2
Info 63   [10:25:46.028] Starting updateGraphWorker: Project: /dev/null/inferredProject1*
Info 64   [10:25:46.035] Finishing updateGraphWorker: Project: /dev/null/inferredProject1* Version: 11 structureChanged: false Elapsed: 6.757200000341982ms
Info 65   [10:25:46.035] Different program with same set of files:: structureIsReused:: 2
Info 66   [10:25:48.048] Starting updateGraphWorker: Project: /dev/null/inferredProject1*
Info 67   [10:25:48.052] Finishing updateGraphWorker: Project: /dev/null/inferredProject1* Version: 12 structureChanged: false Elapsed: 3.5614000000059605ms
Info 68   [10:25:48.052] Different program with same set of files:: structureIsReused:: 2
Info 69   [10:25:48.347] getCompletionData: Get current token: 0.014800000004470348
Info 70   [10:25:48.348] getCompletionData: Is inside comment: 0.07019999995827675
Info 71   [10:25:48.348] getCompletionData: Get previous token 1: 0.062200000043958426
Info 72   [10:25:48.348] getCompletionData: Get previous token 2: 0.5227999999187887
Info 73   [10:25:48.348] getCompletionsAtPosition: isCompletionListBlocker: 0.008999999612569809
Info 74   [10:25:48.350] getSymbolsFromOtherSourceFileExports: Using cached list
Info 75   [10:25:48.352] getCompletionData: Semantic work: 3.3739999998360872
Info 76   [10:25:48.360] getCompletionsAtPosition: getCompletionEntriesFromSymbols: 7.829400000162423
Info 77   [10:25:48.912] Starting updateGraphWorker: Project: /dev/null/inferredProject1*
Info 78   [10:25:48.915] Finishing updateGraphWorker: Project: /dev/null/inferredProject1* Version: 13 structureChanged: false Elapsed: 3.3061999999918044ms
Info 79   [10:25:48.915] Different program with same set of files:: structureIsReused:: 2
Info 80   [10:25:50.302] Starting updateGraphWorker: Project: /dev/null/inferredProject1*
Info 81   [10:25:50.306] Finishing updateGraphWorker: Project: /dev/null/inferredProject1* Version: 14 structureChanged: false Elapsed: 3.764299999922514ms
Info 82   [10:25:50.306] Different program with same set of files:: structureIsReused:: 2
Info 83   [10:25:50.307] getCompletionData: Get current token: 0.039299999829381704
Info 84   [10:25:50.307] getCompletionData: Is inside comment: 0.00860000029206276
Info 85   [10:25:50.307] getCompletionData: Get previous token 1: 0.05340000009164214
Info 86   [10:25:50.307] getCompletionData: Get previous token 2: 0.10710000013932586
Info 87   [10:25:50.307] getCompletionsAtPosition: isCompletionListBlocker: 0.010100000072270632
Info 88   [10:25:50.310] getSymbolsFromOtherSourceFileExports: Recomputing list for details entry
Info 89   [10:25:50.310] forEachExternalModuleToImportFrom: filtered out 0 modules by package.json contents
Info 90   [10:25:50.310] getSymbolsFromOtherSourceFileExports: 0.2798000001348555
Info 91   [10:25:50.311] getCompletionData: Semantic work: 4.226100000087172
Info 92   [10:25:51.314] Starting updateGraphWorker: Project: /dev/null/inferredProject1*
Info 93   [10:25:51.317] Finishing updateGraphWorker: Project: /dev/null/inferredProject1* Version: 15 structureChanged: false Elapsed: 2.6951999999582767ms
Info 94   [10:25:51.317] Different program with same set of files:: structureIsReused:: 2
Info 95   [10:25:52.005] Starting updateGraphWorker: Project: /dev/null/inferredProject1*
Info 96   [10:25:52.009] Finishing updateGraphWorker: Project: /dev/null/inferredProject1* Version: 16 structureChanged: false Elapsed: 3.8475999999791384ms
Info 97   [10:25:52.009] Different program with same set of files:: structureIsReused:: 2
Info 98   [10:25:52.305] getCompletionData: Get current token: 0.018200000282377005
Info 99   [10:25:52.305] getCompletionData: Is inside comment: 0.006200000178068876
Info 100  [10:25:52.305] getCompletionData: Get previous token 1: 0.09450000012293458
Info 101  [10:25:52.305] getCompletionsAtPosition: isCompletionListBlocker: 0.060800000093877316
Info 102  [10:25:52.308] getSymbolsFromOtherSourceFileExports: Using cached list
Info 103  [10:25:52.309] getCompletionData: Semantic work: 3.761099999770522
Info 104  [10:25:52.316] getCompletionsAtPosition: getCompletionEntriesFromSymbols: 6.858500000089407
Info 105  [10:25:53.762] Starting updateGraphWorker: Project: /dev/null/inferredProject1*
Info 106  [10:25:53.766] Finishing updateGraphWorker: Project: /dev/null/inferredProject1* Version: 17 structureChanged: false Elapsed: 3.3628000002354383ms
Info 107  [10:25:53.766] Different program with same set of files:: structureIsReused:: 2
Info 108  [10:26:04.746] Starting updateGraphWorker: Project: /dev/null/inferredProject1*
Info 109  [10:26:04.749] Finishing updateGraphWorker: Project: /dev/null/inferredProject1* Version: 18 structureChanged: false Elapsed: 3.0844999998807907ms
Info 110  [10:26:04.749] Different program with same set of files:: structureIsReused:: 2
Info 111  [10:26:05.046] getCompletionData: Get current token: 0.01780000003054738
Info 112  [10:26:05.046] getCompletionData: Is inside comment: 0.10379999969154596
Info 113  [10:26:05.046] getCompletionData: Get previous token 1: 0.07660000026226044
Info 114  [10:26:05.046] getCompletionData: Get previous token 2: 0.0849999999627471
Info 115  [10:26:05.046] getCompletionsAtPosition: isCompletionListBlocker: 0.012399999890476465
Info 116  [10:26:05.048] getSymbolsFromOtherSourceFileExports: Using cached list
Info 117  [10:26:05.050] getCompletionData: Semantic work: 3.806299999821931
Info 118  [10:26:05.058] getCompletionsAtPosition: getCompletionEntriesFromSymbols: 7.659099999815226
Info 119  [10:26:05.376] Starting updateGraphWorker: Project: /dev/null/inferredProject1*
Info 120  [10:26:05.379] Finishing updateGraphWorker: Project: /dev/null/inferredProject1* Version: 19 structureChanged: false Elapsed: 3.1080999998375773ms
Info 121  [10:26:05.379] Different program with same set of files:: structureIsReused:: 2
Info 122  [10:26:05.380] getCompletionData: Get current token: 0.014600000344216824
Info 123  [10:26:05.380] getCompletionData: Is inside comment: 0.06669999985024333
Info 124  [10:26:05.380] getCompletionData: Get previous token 1: 0.06020000018179417
Info 125  [10:26:05.380] getCompletionData: Get previous token 2: 0.06689999997615814
Info 126  [10:26:05.380] getCompletionsAtPosition: isCompletionListBlocker: 0.00699999975040555
Info 127  [10:26:05.384] getSymbolsFromOtherSourceFileExports: Using cached list
Info 128  [10:26:05.384] getCompletionData: Semantic work: 4.0372999999672174
Info 129  [10:26:05.392] getCompletionsAtPosition: getCompletionEntriesFromSymbols: 8.462999999988824
Info 130  [10:26:05.769] Starting updateGraphWorker: Project: /dev/null/inferredProject1*
Info 131  [10:26:05.773] Finishing updateGraphWorker: Project: /dev/null/inferredProject1* Version: 20 structureChanged: false Elapsed: 3.478099999949336ms
Info 132  [10:26:05.773] Different program with same set of files:: structureIsReused:: 2
Info 133  [10:26:05.773] getCompletionData: Get current token: 0.03750000009313226
Info 134  [10:26:05.773] getCompletionData: Is inside comment: 0.009700000286102295
Info 135  [10:26:05.773] getCompletionData: Get previous token 1: 0.053700000047683716
Info 136  [10:26:05.773] getCompletionData: Get previous token 2: 0.05129999993368983
Info 137  [10:26:05.773] getCompletionsAtPosition: isCompletionListBlocker: 0.007999999914318323
Info 138  [10:26:05.775] getSymbolsFromOtherSourceFileExports: Recomputing list for details entry
Info 139  [10:26:05.775] forEachExternalModuleToImportFrom: filtered out 0 modules by package.json contents
Info 140  [10:26:05.775] getSymbolsFromOtherSourceFileExports: 0.3747000000439584
Info 141  [10:26:05.776] getCompletionData: Semantic work: 2.39089999999851
Info 142  [10:26:06.577] Starting updateGraphWorker: Project: /dev/null/inferredProject1*
Info 143  [10:26:06.581] Finishing updateGraphWorker: Project: /dev/null/inferredProject1* Version: 21 structureChanged: false Elapsed: 3.8580000000074506ms
Info 144  [10:26:06.581] Different program with same set of files:: structureIsReused:: 2
Info 145  [10:26:10.953] Starting updateGraphWorker: Project: /dev/null/inferredProject1*
Info 146  [10:26:10.956] Finishing updateGraphWorker: Project: /dev/null/inferredProject1* Version: 22 structureChanged: false Elapsed: 3.0912999999709427ms
Info 147  [10:26:10.956] Different program with same set of files:: structureIsReused:: 2
Info 148  [10:26:11.253] getCompletionData: Get current token: 0.020299999974668026
Info 149  [10:26:11.253] getCompletionData: Is inside comment: 0.0050999997183680534
Info 150  [10:26:11.253] getCompletionData: Get previous token 1: 0.06240000016987324
Info 151  [10:26:11.253] getCompletionData: Get previous token 2: 0.04980000015348196
Info 152  [10:26:11.253] getCompletionsAtPosition: isCompletionListBlocker: 0.004800000227987766
Info 153  [10:26:11.255] getSymbolsFromOtherSourceFileExports: Using cached list
Info 154  [10:26:11.256] getCompletionData: Semantic work: 3.5409999997355044
Info 155  [10:26:11.262] getCompletionsAtPosition: getCompletionEntriesFromSymbols: 5.614399999845773
Info 156  [10:26:12.725] Starting updateGraphWorker: Project: /dev/null/inferredProject1*
Info 157  [10:26:12.728] Finishing updateGraphWorker: Project: /dev/null/inferredProject1* Version: 23 structureChanged: false Elapsed: 2.7849999996833503ms
Info 158  [10:26:12.728] Different program with same set of files:: structureIsReused:: 2
Info 159  [10:26:13.336] Starting updateGraphWorker: Project: /dev/null/inferredProject1*
Info 160  [10:26:13.340] Finishing updateGraphWorker: Project: /dev/null/inferredProject1* Version: 24 structureChanged: false Elapsed: 4.060800000093877ms
Info 161  [10:26:13.340] Different program with same set of files:: structureIsReused:: 2
Info 162  [10:26:15.893] Starting updateGraphWorker: Project: /dev/null/inferredProject1*
Info 163  [10:26:15.896] Finishing updateGraphWorker: Project: /dev/null/inferredProject1* Version: 25 structureChanged: false Elapsed: 3.3823000001721084ms
Info 164  [10:26:15.896] Different program with same set of files:: structureIsReused:: 2
Info 165  [10:26:16.193] getCompletionData: Get current token: 0.013100000098347664
Info 166  [10:26:16.193] getCompletionData: Is inside comment: 0.04989999998360872
Info 167  [10:26:16.193] getCompletionData: Get previous token 1: 0.04180000023916364
Info 168  [10:26:16.193] getCompletionData: Get previous token 2: 0.04820000007748604
Info 169  [10:26:16.193] getCompletionsAtPosition: isCompletionListBlocker: 0.012999999802559614
Info 170  [10:26:16.195] getSymbolsFromOtherSourceFileExports: Using cached list
Info 171  [10:26:16.197] getCompletionData: Semantic work: 4.329799999948591
Info 172  [10:26:16.203] getCompletionsAtPosition: getCompletionEntriesFromSymbols: 4.191300000064075
Info 173  [10:26:16.911] Starting updateGraphWorker: Project: /dev/null/inferredProject1*
Info 174  [10:26:16.914] Finishing updateGraphWorker: Project: /dev/null/inferredProject1* Version: 26 structureChanged: false Elapsed: 3.0183999999426305ms
Info 175  [10:26:16.914] Different program with same set of files:: structureIsReused:: 2
Info 176  [10:26:16.914] getCompletionData: Get current token: 0.023499999660998583
Info 177  [10:26:16.914] getCompletionData: Is inside comment: 0.007199999876320362
Info 178  [10:26:16.914] getCompletionData: Get previous token 1: 0.047899999655783176
Info 179  [10:26:16.914] getCompletionData: Get previous token 2: 0.040699999779462814
Info 180  [10:26:16.914] getCompletionsAtPosition: isCompletionListBlocker: 0.008799999952316284
Info 181  [10:26:16.917] getSymbolsFromOtherSourceFileExports: Recomputing list for details entry
Info 182  [10:26:16.917] forEachExternalModuleToImportFrom: filtered out 0 modules by package.json contents
Info 183  [10:26:16.917] getSymbolsFromOtherSourceFileExports: 0.3609999995678663
Info 184  [10:26:16.918] getCompletionData: Semantic work: 3.180200000293553
Info 185  [10:26:17.595] Starting updateGraphWorker: Project: /dev/null/inferredProject1*
Info 186  [10:26:17.598] Finishing updateGraphWorker: Project: /dev/null/inferredProject1* Version: 27 structureChanged: false Elapsed: 2.7782000000588596ms
Info 187  [10:26:17.598] Different program with same set of files:: structureIsReused:: 2
Info 188  [10:26:18.214] Starting updateGraphWorker: Project: /dev/null/inferredProject1*
Info 189  [10:26:18.217] Finishing updateGraphWorker: Project: /dev/null/inferredProject1* Version: 28 structureChanged: false Elapsed: 3.081899999640882ms
Info 190  [10:26:18.217] Different program with same set of files:: structureIsReused:: 2
Info 191  [10:26:18.513] getCompletionData: Get current token: 0.01209999993443489
Info 192  [10:26:18.514] getCompletionData: Is inside comment: 0.003599999938160181
Info 193  [10:26:18.514] getCompletionData: Get previous token 1: 0.05159999988973141
Info 194  [10:26:18.514] getCompletionsAtPosition: isCompletionListBlocker: 0.015099999960511923
Info 195  [10:26:18.516] getSymbolsFromOtherSourceFileExports: Using cached list
Info 196  [10:26:18.516] getCompletionData: Semantic work: 2.594000000040978
Info 197  [10:26:18.519] getCompletionsAtPosition: getCompletionEntriesFromSymbols: 2.2496000002138317
Info 198  [10:26:19.560] Starting updateGraphWorker: Project: /dev/null/inferredProject1*
Info 199  [10:26:19.563] Finishing updateGraphWorker: Project: /dev/null/inferredProject1* Version: 29 structureChanged: false Elapsed: 3.0284000001847744ms
Info 200  [10:26:19.563] Different program with same set of files:: structureIsReused:: 2
Info 201  [10:26:22.039] Starting updateGraphWorker: Project: /dev/null/inferredProject1*
Info 202  [10:26:22.043] Finishing updateGraphWorker: Project: /dev/null/inferredProject1* Version: 30 structureChanged: false Elapsed: 4.083300000056624ms
Info 203  [10:26:22.043] Different program with same set of files:: structureIsReused:: 2
Info 204  [10:26:22.524] Starting updateGraphWorker: Project: /dev/null/inferredProject1*
Info 205  [10:26:22.529] Finishing updateGraphWorker: Project: /dev/null/inferredProject1* Version: 31 structureChanged: false Elapsed: 4.545099999755621ms
Info 206  [10:26:22.529] Different program with same set of files:: structureIsReused:: 2
Info 207  [10:26:24.376] Starting updateGraphWorker: Project: /dev/null/inferredProject1*
Info 208  [10:26:24.379] Finishing updateGraphWorker: Project: /dev/null/inferredProject1* Version: 32 structureChanged: false Elapsed: 3.1510000000707805ms
Info 209  [10:26:24.379] Different program with same set of files:: structureIsReused:: 2
Info 210  [10:26:24.608] Starting updateGraphWorker: Project: /dev/null/inferredProject1*
Info 211  [10:26:24.613] Finishing updateGraphWorker: Project: /dev/null/inferredProject1* Version: 33 structureChanged: false Elapsed: 4.155499999877065ms
Info 212  [10:26:24.613] Different program with same set of files:: structureIsReused:: 2
Info 213  [10:26:24.909] getCompletionData: Get current token: 0.0201000003144145
Info 214  [10:26:24.909] getCompletionData: Is inside comment: 0.00419999985024333
Info 215  [10:26:24.909] getCompletionData: Get previous token 1: 0.07050000037997961
Info 216  [10:26:24.909] getCompletionData: Get previous token 2: 0.05990000022575259
Info 217  [10:26:24.909] getCompletionsAtPosition: isCompletionListBlocker: 0.011099999770522118
Info 218  [10:26:24.912] getSymbolsFromOtherSourceFileExports: Using cached list
Info 219  [10:26:24.912] getCompletionData: Semantic work: 3.478099999949336
Info 220  [10:26:24.917] getCompletionsAtPosition: getCompletionEntriesFromSymbols: 4.921400000341237
Info 221  [10:26:25.759] Starting updateGraphWorker: Project: /dev/null/inferredProject1*
Info 222  [10:26:25.762] Finishing updateGraphWorker: Project: /dev/null/inferredProject1* Version: 34 structureChanged: false Elapsed: 2.969200000166893ms
Info 223  [10:26:25.762] Different program with same set of files:: structureIsReused:: 2
Info 224  [10:26:25.762] getCompletionData: Get current token: 0.030100000090897083
Info 225  [10:26:25.762] getCompletionData: Is inside comment: 0.007699999958276749
Info 226  [10:26:25.763] getCompletionData: Get previous token 1: 0.055099999997764826
Info 227  [10:26:25.763] getCompletionData: Get previous token 2: 0.04379999963566661
Info 228  [10:26:25.763] getCompletionsAtPosition: isCompletionListBlocker: 0.008099999744445086
Info 229  [10:26:25.765] getSymbolsFromOtherSourceFileExports: Recomputing list for details entry
Info 230  [10:26:25.765] forEachExternalModuleToImportFrom: filtered out 0 modules by package.json contents
Info 231  [10:26:25.765] getSymbolsFromOtherSourceFileExports: 0.2867000000551343
Info 232  [10:26:25.765] getCompletionData: Semantic work: 2.4095000000670552
Info 233  [10:26:26.522] Starting updateGraphWorker: Project: /dev/null/inferredProject1*
Info 234  [10:26:26.525] Finishing updateGraphWorker: Project: /dev/null/inferredProject1* Version: 35 structureChanged: false Elapsed: 2.7145000002346933ms
Info 235  [10:26:26.525] Different program with same set of files:: structureIsReused:: 2
Info 236  [10:26:27.234] Starting updateGraphWorker: Project: /dev/null/inferredProject1*
Info 237  [10:26:27.237] Finishing updateGraphWorker: Project: /dev/null/inferredProject1* Version: 36 structureChanged: false Elapsed: 2.887099999934435ms
Info 238  [10:26:27.237] Different program with same set of files:: structureIsReused:: 2
Info 239  [10:26:27.534] getCompletionData: Get current token: 0.016600000206381083
Info 240  [10:26:27.534] getCompletionData: Is inside comment: 0.003599999938160181
Info 241  [10:26:27.534] getCompletionData: Get previous token 1: 0.061400000005960464
Info 242  [10:26:27.534] getCompletionData: Get previous token 2: 0.0430999998934567
Info 243  [10:26:27.534] getCompletionsAtPosition: isCompletionListBlocker: 0.0029000001959502697
Info 244  [10:26:27.536] getSymbolsFromOtherSourceFileExports: Using cached list
Info 245  [10:26:27.536] getCompletionData: Semantic work: 2.33130000019446
Info 246  [10:26:27.541] getCompletionsAtPosition: getCompletionEntriesFromSymbols: 4.598799999803305
Info 247  [10:26:31.184] Starting updateGraphWorker: Project: /dev/null/inferredProject1*
Info 248  [10:26:31.187] Finishing updateGraphWorker: Project: /dev/null/inferredProject1* Version: 37 structureChanged: false Elapsed: 3.322799999732524ms
Info 249  [10:26:31.187] Different program with same set of files:: structureIsReused:: 2
Info 250  [10:26:34.178] Starting updateGraphWorker: Project: /dev/null/inferredProject1*
Info 251  [10:26:34.182] Finishing updateGraphWorker: Project: /dev/null/inferredProject1* Version: 38 structureChanged: false Elapsed: 3.572899999562651ms
Info 252  [10:26:34.182] Different program with same set of files:: structureIsReused:: 2
Info 253  [10:26:34.477] getCompletionData: Get current token: 0.03410000028088689
Info 254  [10:26:34.477] getCompletionData: Is inside comment: 0.04860000032931566
Info 255  [10:26:34.477] getCompletionData: Get previous token 1: 0.03909999970346689
Info 256  [10:26:34.478] getCompletionData: Get previous token 2: 0.04809999978169799
Info 257  [10:26:34.478] getCompletionsAtPosition: isCompletionListBlocker: 0.009200000204145908
Info 258  [10:26:34.480] getSymbolsFromOtherSourceFileExports: Using cached list
Info 259  [10:26:34.480] getCompletionData: Semantic work: 2.3623999999836087
Info 260  [10:26:34.485] getCompletionsAtPosition: getCompletionEntriesFromSymbols: 3.8483000001870096
Info 261  [10:26:35.002] Starting updateGraphWorker: Project: /dev/null/inferredProject1*
Info 262  [10:26:35.006] Finishing updateGraphWorker: Project: /dev/null/inferredProject1* Version: 39 structureChanged: false Elapsed: 4.405799999833107ms
Info 263  [10:26:35.006] Different program with same set of files:: structureIsReused:: 2
Info 264  [10:26:35.006] getCompletionData: Get current token: 0.027400000020861626
Info 265  [10:26:35.007] getCompletionData: Is inside comment: 0.0066999997943639755
Info 266  [10:26:35.007] getCompletionData: Get previous token 1: 0.04410000005736947
Info 267  [10:26:35.007] getCompletionData: Get previous token 2: 0.03970000008121133
Info 268  [10:26:35.007] getCompletionsAtPosition: isCompletionListBlocker: 0.0071000000461936
Info 269  [10:26:35.009] getSymbolsFromOtherSourceFileExports: Recomputing list for details entry
Info 270  [10:26:35.009] forEachExternalModuleToImportFrom: filtered out 0 modules by package.json contents
Info 271  [10:26:35.009] getSymbolsFromOtherSourceFileExports: 0.26129999989643693
Info 272  [10:26:35.009] getCompletionData: Semantic work: 2.5947000002488494
Info 273  [10:26:35.678] Starting updateGraphWorker: Project: /dev/null/inferredProject1*
Info 274  [10:26:35.681] Finishing updateGraphWorker: Project: /dev/null/inferredProject1* Version: 40 structureChanged: false Elapsed: 2.8510999996215105ms
Info 275  [10:26:35.681] Different program with same set of files:: structureIsReused:: 2
Info 276  [10:26:36.245] Starting updateGraphWorker: Project: /dev/null/inferredProject1*
Info 277  [10:26:36.247] Finishing updateGraphWorker: Project: /dev/null/inferredProject1* Version: 41 structureChanged: false Elapsed: 2.4164999998174608ms
Info 278  [10:26:36.247] Different program with same set of files:: structureIsReused:: 2
Info 279  [10:26:36.545] getCompletionData: Get current token: 0.033900000154972076
Info 280  [10:26:36.545] getCompletionData: Is inside comment: 0.004500000271946192
Info 281  [10:26:36.545] getCompletionData: Get previous token 1: 0.06660000002011657
Info 282  [10:26:36.545] getCompletionsAtPosition: isCompletionListBlocker: 0.015500000212341547
Info 283  [10:26:36.547] getSymbolsFromOtherSourceFileExports: Using cached list
Info 284  [10:26:36.547] getCompletionData: Semantic work: 2.1664999998174608
Info 285  [10:26:36.550] getCompletionsAtPosition: getCompletionEntriesFromSymbols: 2.7968999999575317
Info 286  [10:26:36.995] Starting updateGraphWorker: Project: /dev/null/inferredProject1*
Info 287  [10:26:36.998] Finishing updateGraphWorker: Project: /dev/null/inferredProject1* Version: 42 structureChanged: false Elapsed: 2.8218999998643994ms
Info 288  [10:26:36.998] Different program with same set of files:: structureIsReused:: 2
Info 289  [10:26:37.365] Starting updateGraphWorker: Project: /dev/null/inferredProject1*
Info 290  [10:26:37.369] Finishing updateGraphWorker: Project: /dev/null/inferredProject1* Version: 43 structureChanged: false Elapsed: 4.363800000399351ms
Info 291  [10:26:37.369] Different program with same set of files:: structureIsReused:: 2
Info 292  [10:26:38.165] Starting updateGraphWorker: Project: /dev/null/inferredProject1*
Info 293  [10:26:38.168] Finishing updateGraphWorker: Project: /dev/null/inferredProject1* Version: 44 structureChanged: false Elapsed: 3.331199999898672ms
Info 294  [10:26:38.168] Different program with same set of files:: structureIsReused:: 2
Info 295  [10:26:38.589] Starting updateGraphWorker: Project: /dev/null/inferredProject1*
Info 296  [10:26:38.593] Finishing updateGraphWorker: Project: /dev/null/inferredProject1* Version: 45 structureChanged: false Elapsed: 4.241200000047684ms
Info 297  [10:26:38.593] Different program with same set of files:: structureIsReused:: 2
Info 298  [10:26:38.888] getCompletionData: Get current token: 0.010199999902397394
Info 299  [10:26:38.889] getCompletionData: Is inside comment: 0.040899999905377626
Info 300  [10:26:38.889] getCompletionData: Get previous token 1: 0.03319999994710088
Info 301  [10:26:38.889] getCompletionData: Get previous token 2: 0.03890000004321337
Info 302  [10:26:38.889] getCompletionsAtPosition: isCompletionListBlocker: 0.01269999984651804
Info 303  [10:26:38.891] getSymbolsFromOtherSourceFileExports: Using cached list
Info 304  [10:26:38.891] getCompletionData: Semantic work: 2.0081000002101064
Info 305  [10:26:38.894] getCompletionsAtPosition: getCompletionEntriesFromSymbols: 3.260000000242144
Info 306  [10:26:38.904] getCompletionData: Get current token: 0.008799999952316284
Info 307  [10:26:38.904] getCompletionData: Is inside comment: 0.039400000125169754
Info 308  [10:26:38.904] getCompletionData: Get previous token 1: 0.033800000324845314
Info 309  [10:26:38.904] getCompletionData: Get previous token 2: 0.037899999879300594
Info 310  [10:26:38.904] getCompletionsAtPosition: isCompletionListBlocker: 0.008200000040233135
Info 311  [10:26:38.907] getSymbolsFromOtherSourceFileExports: Using cached list
Info 312  [10:26:38.907] getCompletionData: Semantic work: 3.39380000019446
Info 313  [10:26:38.909] getCompletionsAtPosition: getCompletionEntriesFromSymbols: 1.775700000114739
Info 314  [10:26:38.912] getCompletionData: Get current token: 0.009100000374019146
Info 315  [10:26:38.912] getCompletionData: Is inside comment: 0.040699999779462814
Info 316  [10:26:38.912] getCompletionData: Get previous token 1: 0.036000000312924385
Info 317  [10:26:38.912] getCompletionData: Get previous token 2: 0.050100000109523535
Info 318  [10:26:38.912] getCompletionsAtPosition: isCompletionListBlocker: 0.00989999994635582
Info 319  [10:26:38.914] getSymbolsFromOtherSourceFileExports: Using cached list
Info 320  [10:26:38.914] getCompletionData: Semantic work: 2.3459000000730157
Info 321  [10:26:38.917] getCompletionsAtPosition: getCompletionEntriesFromSymbols: 2.729499999899417
Info 322  [10:26:39.111] Starting updateGraphWorker: Project: /dev/null/inferredProject1*
Info 323  [10:26:39.114] Finishing updateGraphWorker: Project: /dev/null/inferredProject1* Version: 46 structureChanged: false Elapsed: 3.662700000219047ms
Info 324  [10:26:39.114] Different program with same set of files:: structureIsReused:: 2
Info 325  [10:28:37.000] Search path: /home/jackson/git_repos/TODO_TRACKER_316_HW1/src/test
Info 326  [10:28:37.000] For info: /home/jackson/git_repos/TODO_TRACKER_316_HW1/src/test/TestTodoLists.json :: No config files found.
Info 327  [10:28:37.004] Starting updateGraphWorker: Project: /dev/null/inferredProject3*
Info 328  [10:28:37.275] Finishing updateGraphWorker: Project: /dev/null/inferredProject3* Version: 1 structureChanged: true Elapsed: 270.8506000000052ms
Info 329  [10:28:37.275] Project '/dev/null/inferredProject3*' (Inferred)
Info 330  [10:28:37.275] 	Files (19)

Info 331  [10:28:37.275] -----------------------------------------------
Info 332  [10:28:37.523] Starting updateGraphWorker: Project: /dev/null/inferredProject3*
Info 333  [10:28:37.524] Finishing updateGraphWorker: Project: /dev/null/inferredProject3* Version: 2 structureChanged: false Elapsed: 0.32659999979659915ms
Info 334  [10:28:39.877] Before ensureProjectForOpenFiles:
Info 335  [10:28:39.877] After ensureProjectForOpenFiles:
Info 336  [10:28:39.878] got projects updated in background, updating diagnostics for /home/jackson/git_repos/TODO_TRACKER_316_HW1/src/todo/ToDoController.js,/home/jackson/git_repos/TODO_TRACKER_316_HW1/src/todo/ToDoModel.js,/home/jackson/git_repos/TODO_TRACKER_316_HW1/src/test/TestTodoLists.json
Info 337  [10:28:59.219] FileWatcher:: Triggered with /home/jackson/git_repos/TODO_TRACKER_316_HW1/src/test/TestTodoLists.json 2:: WatchInfo: /home/jackson/git_repos/TODO_TRACKER_316_HW1/src/test/TestTodoLists.json 500 undefined Project:  WatchType: Closed Script info
Info 338  [10:28:59.219] Elapsed:: 0.23940000031143427ms FileWatcher:: Triggered with /home/jackson/git_repos/TODO_TRACKER_316_HW1/src/test/TestTodoLists.json 2:: WatchInfo: /home/jackson/git_repos/TODO_TRACKER_316_HW1/src/test/TestTodoLists.json 500 undefined Project:  WatchType: Closed Script info
Info 339  [10:29:37.160] Starting updateGraphWorker: Project: /dev/null/inferredProject1*
Info 340  [10:29:37.163] Finishing updateGraphWorker: Project: /dev/null/inferredProject1* Version: 47 structureChanged: false Elapsed: 3.449700000230223ms
Info 341  [10:29:37.163] Different program with same set of files:: structureIsReused:: 2
Info 342  [10:29:38.092] Starting updateGraphWorker: Project: /dev/null/inferredProject1*
Info 343  [10:29:38.097] Finishing updateGraphWorker: Project: /dev/null/inferredProject1* Version: 48 structureChanged: false Elapsed: 5.307000000029802ms
Info 344  [10:29:38.108] Different program with same set of files:: structureIsReused:: 2
Info 345  [10:29:38.392] getCompletionData: Get current token: 0.012300000060349703
Info 346  [10:29:38.392] getCompletionData: Is inside comment: 0.08430000022053719
Info 347  [10:29:38.392] getCompletionData: Get previous token 1: 0.06980000017210841
Info 348  [10:29:38.392] getCompletionData: Get previous token 2: 0.08880000002682209
Info 349  [10:29:38.392] getCompletionsAtPosition: isCompletionListBlocker: 0.009199999738484621
Info 350  [10:29:38.395] getSymbolsFromOtherSourceFileExports: Using cached list
Info 351  [10:29:38.396] getCompletionData: Semantic work: 3.915499999653548
Info 352  [10:29:38.400] getCompletionsAtPosition: getCompletionEntriesFromSymbols: 4.090800000354648
Info 353  [10:29:38.851] Starting updateGraphWorker: Project: /dev/null/inferredProject1*
Info 354  [10:29:38.856] Finishing updateGraphWorker: Project: /dev/null/inferredProject1* Version: 49 structureChanged: false Elapsed: 4.277600000146776ms
Info 355  [10:29:38.856] Different program with same set of files:: structureIsReused:: 2
Info 356  [10:29:39.152] getCompletionData: Get current token: 0.012300000060349703
Info 357  [10:29:39.152] getCompletionData: Is inside comment: 0.08320000022649765
Info 358  [10:29:39.152] getCompletionData: Get previous token 1: 0.07080000033602118
Info 359  [10:29:39.152] getCompletionsAtPosition: isCompletionListBlocker: 0.003200000151991844
Info 360  [10:29:39.153] getCompletionData: Semantic work: 1.0097000002861023
Info 361  [10:29:39.154] getCompletionsAtPosition: getCompletionEntriesFromSymbols: 0.106799999717623
Info 362  [10:29:42.150] Starting updateGraphWorker: Project: /dev/null/inferredProject1*
Info 363  [10:29:42.153] Finishing updateGraphWorker: Project: /dev/null/inferredProject1* Version: 50 structureChanged: false Elapsed: 3.4847000003792346ms
Info 364  [10:29:42.153] Different program with same set of files:: structureIsReused:: 2
Info 365  [10:29:42.516] Starting updateGraphWorker: Project: /dev/null/inferredProject1*
Info 366  [10:29:42.520] Finishing updateGraphWorker: Project: /dev/null/inferredProject1* Version: 51 structureChanged: false Elapsed: 3.351699999999255ms
Info 367  [10:29:42.520] Different program with same set of files:: structureIsReused:: 2
Info 368  [10:30:15.353] Starting updateGraphWorker: Project: /dev/null/inferredProject1*
Info 369  [10:30:15.356] Finishing updateGraphWorker: Project: /dev/null/inferredProject1* Version: 52 structureChanged: false Elapsed: 2.9189999997615814ms
Info 370  [10:30:15.356] Different program with same set of files:: structureIsReused:: 2
Info 371  [10:30:16.361] Starting updateGraphWorker: Project: /dev/null/inferredProject1*
Info 372  [10:30:16.365] Finishing updateGraphWorker: Project: /dev/null/inferredProject1* Version: 53 structureChanged: false Elapsed: 4.094700000248849ms
Info 373  [10:30:16.375] Different program with same set of files:: structureIsReused:: 2
Info 374  [10:30:17.641] Starting updateGraphWorker: Project: /dev/null/inferredProject1*
Info 375  [10:30:17.646] Finishing updateGraphWorker: Project: /dev/null/inferredProject1* Version: 54 structureChanged: false Elapsed: 5.005499999970198ms
Info 376  [10:30:17.647] Different program with same set of files:: structureIsReused:: 2
Info 377  [10:30:17.956] Starting updateGraphWorker: Project: /dev/null/inferredProject1*
Info 378  [10:30:17.962] Finishing updateGraphWorker: Project: /dev/null/inferredProject1* Version: 55 structureChanged: false Elapsed: 5.470900000073016ms
Info 379  [10:30:17.962] Different program with same set of files:: structureIsReused:: 2
Info 380  [10:30:18.256] getCompletionData: Get current token: 0.012399999890476465
Info 381  [10:30:18.257] getCompletionData: Is inside comment: 0.07849999982863665
Info 382  [10:30:18.257] getCompletionData: Get previous token 1: 0.07140000024810433
Info 383  [10:30:18.257] getCompletionsAtPosition: isCompletionListBlocker: 0.003399999812245369
Info 384  [10:30:18.259] getCompletionData: Semantic work: 2.214100000448525
Info 385  [10:30:18.259] getCompletionsAtPosition: getCompletionEntriesFromSymbols: 0.002599999774247408
Info 386  [10:30:18.729] Starting updateGraphWorker: Project: /dev/null/inferredProject1*
Info 387  [10:30:18.732] Finishing updateGraphWorker: Project: /dev/null/inferredProject1* Version: 56 structureChanged: false Elapsed: 3.506599999964237ms
Info 388  [10:30:18.732] Different program with same set of files:: structureIsReused:: 2
Info 389  [10:30:19.344] Starting updateGraphWorker: Project: /dev/null/inferredProject1*
Info 390  [10:30:19.347] Finishing updateGraphWorker: Project: /dev/null/inferredProject1* Version: 57 structureChanged: false Elapsed: 2.616900000255555ms
Info 391  [10:30:19.347] Different program with same set of files:: structureIsReused:: 2
Info 392  [10:30:19.829] Starting updateGraphWorker: Project: /dev/null/inferredProject1*
Info 393  [10:30:19.833] Finishing updateGraphWorker: Project: /dev/null/inferredProject1* Version: 58 structureChanged: false Elapsed: 3.393200000282377ms
Info 394  [10:30:19.833] Different program with same set of files:: structureIsReused:: 2
Info 395  [10:30:19.834] Starting updateGraphWorker: Project: /dev/null/inferredProject1*
Info 396  [10:30:19.837] Finishing updateGraphWorker: Project: /dev/null/inferredProject1* Version: 59 structureChanged: false Elapsed: 2.3346000001765788ms
Info 397  [10:30:19.837] Different program with same set of files:: structureIsReused:: 2
Info 398  [10:30:20.041] Starting updateGraphWorker: Project: /dev/null/inferredProject1*
Info 399  [10:30:20.043] Finishing updateGraphWorker: Project: /dev/null/inferredProject1* Version: 60 structureChanged: false Elapsed: 2.5879000001586974ms
Info 400  [10:30:20.043] Different program with same set of files:: structureIsReused:: 2
Info 401  [10:30:21.791] Starting updateGraphWorker: Project: /dev/null/inferredProject1*
Info 402  [10:30:21.794] Finishing updateGraphWorker: Project: /dev/null/inferredProject1* Version: 61 structureChanged: false Elapsed: 2.509899999946356ms
Info 403  [10:30:21.794] Different program with same set of files:: structureIsReused:: 2
Info 404  [10:30:22.646] Starting updateGraphWorker: Project: /dev/null/inferredProject1*
Info 405  [10:30:22.649] Finishing updateGraphWorker: Project: /dev/null/inferredProject1* Version: 62 structureChanged: false Elapsed: 2.788199999835342ms
Info 406  [10:30:22.649] Different program with same set of files:: structureIsReused:: 2
Info 407  [10:30:23.016] Starting updateGraphWorker: Project: /dev/null/inferredProject1*
Info 408  [10:30:23.019] Finishing updateGraphWorker: Project: /dev/null/inferredProject1* Version: 63 structureChanged: false Elapsed: 2.2286000000312924ms
Info 409  [10:30:23.019] Different program with same set of files:: structureIsReused:: 2
Info 410  [10:30:23.464] Starting updateGraphWorker: Project: /dev/null/inferredProject1*
Info 411  [10:30:23.467] Finishing updateGraphWorker: Project: /dev/null/inferredProject1* Version: 64 structureChanged: false Elapsed: 2.7187999999150634ms
Info 412  [10:30:23.467] Different program with same set of files:: structureIsReused:: 2
Info 413  [10:30:24.638] Starting updateGraphWorker: Project: /dev/null/inferredProject1*
Info 414  [10:30:24.642] Finishing updateGraphWorker: Project: /dev/null/inferredProject1* Version: 65 structureChanged: false Elapsed: 3.982000000309199ms
Info 415  [10:30:24.643] Different program with same set of files:: structureIsReused:: 2
Info 416  [10:30:26.801] Starting updateGraphWorker: Project: /dev/null/inferredProject1*
Info 417  [10:30:26.804] Finishing updateGraphWorker: Project: /dev/null/inferredProject1* Version: 66 structureChanged: false Elapsed: 3.1534000001847744ms
Info 418  [10:30:26.804] Different program with same set of files:: structureIsReused:: 2
Info 419  [10:30:30.885] Starting updateGraphWorker: Project: /dev/null/inferredProject1*
Info 420  [10:30:30.887] Finishing updateGraphWorker: Project: /dev/null/inferredProject1* Version: 67 structureChanged: false Elapsed: 2.7018999997526407ms
Info 421  [10:30:30.887] Different program with same set of files:: structureIsReused:: 2
Info 422  [10:30:31.184] getCompletionData: Get current token: 0.011100000236183405
Info 423  [10:30:31.184] getCompletionData: Is inside comment: 0.005400000140070915
Info 424  [10:30:31.184] getCompletionData: Get previous token 1: 0.050200000405311584
Info 425  [10:30:31.184] getCompletionData: Get previous token 2: 0.03780000004917383
Info 426  [10:30:31.184] getCompletionsAtPosition: isCompletionListBlocker: 0.052099999971687794
Info 427  [10:30:31.187] getSymbolsFromOtherSourceFileExports: Using cached list
Info 428  [10:30:31.188] getCompletionData: Semantic work: 3.687299999874085
Info 429  [10:30:31.192] getCompletionsAtPosition: getCompletionEntriesFromSymbols: 3.419999999925494
Info 430  [10:30:31.576] Starting updateGraphWorker: Project: /dev/null/inferredProject1*
Info 431  [10:30:31.578] Finishing updateGraphWorker: Project: /dev/null/inferredProject1* Version: 68 structureChanged: false Elapsed: 2.635499999858439ms
Info 432  [10:30:31.578] Different program with same set of files:: structureIsReused:: 2
Info 433  [10:30:34.966] Starting updateGraphWorker: Project: /dev/null/inferredProject1*
Info 434  [10:30:34.969] Finishing updateGraphWorker: Project: /dev/null/inferredProject1* Version: 69 structureChanged: false Elapsed: 3.278599999845028ms
Info 435  [10:30:34.969] Different program with same set of files:: structureIsReused:: 2
Info 436  [10:30:34.969] getCompletionData: Get current token: 0.041600000113248825
Info 437  [10:30:34.970] getCompletionData: Is inside comment: 0.008799999952316284
Info 438  [10:30:34.970] getCompletionData: Get previous token 1: 0.06330000003799796
Info 439  [10:30:34.970] getCompletionData: Get previous token 2: 0.04640000034123659
Info 440  [10:30:34.970] getCompletionsAtPosition: isCompletionListBlocker: 0.006300000008195639
Info 441  [10:30:34.973] getSymbolsFromOtherSourceFileExports: Recomputing list for details entry
Info 442  [10:30:34.973] forEachExternalModuleToImportFrom: filtered out 0 modules by package.json contents
Info 443  [10:30:34.974] getSymbolsFromOtherSourceFileExports: 1.0635000001639128
Info 444  [10:30:34.975] getCompletionData: Semantic work: 4.904300000052899
Info 445  [10:30:36.489] Starting updateGraphWorker: Project: /dev/null/inferredProject1*
Info 446  [10:30:36.492] Finishing updateGraphWorker: Project: /dev/null/inferredProject1* Version: 70 structureChanged: false Elapsed: 2.260499999858439ms
Info 447  [10:30:36.492] Different program with same set of files:: structureIsReused:: 2
Info 448  [10:30:48.637] Starting updateGraphWorker: Project: /dev/null/inferredProject1*
Info 449  [10:30:48.639] Finishing updateGraphWorker: Project: /dev/null/inferredProject1* Version: 71 structureChanged: false Elapsed: 2.886099999770522ms
Info 450  [10:30:48.639] Different program with same set of files:: structureIsReused:: 2
Info 451  [10:31:45.646] Starting updateGraphWorker: Project: /dev/null/inferredProject1*
Info 452  [10:31:45.648] Finishing updateGraphWorker: Project: /dev/null/inferredProject1* Version: 72 structureChanged: false Elapsed: 2.762099999934435ms
Info 453  [10:31:45.648] Different program with same set of files:: structureIsReused:: 2
Info 454  [10:31:45.858] Starting updateGraphWorker: Project: /dev/null/inferredProject1*
Info 455  [10:31:45.860] Finishing updateGraphWorker: Project: /dev/null/inferredProject1* Version: 73 structureChanged: false Elapsed: 2.1255000000819564ms
Info 456  [10:31:45.860] Different program with same set of files:: structureIsReused:: 2
Info 457  [10:31:46.158] getCompletionData: Get current token: 0.007699999958276749
Info 458  [10:31:46.158] getCompletionData: Is inside comment: 0.004600000102072954
Info 459  [10:31:46.158] getCompletionData: Get previous token 1: 0.038100000005215406
Info 460  [10:31:46.158] getCompletionsAtPosition: isCompletionListBlocker: 0.002599999774247408
Info 461  [10:31:46.159] getCompletionData: Semantic work: 0.5408999999053776
Info 462  [10:31:46.160] getCompletionsAtPosition: getCompletionEntriesFromSymbols: 0.0024999999441206455
Info 463  [10:31:52.686] Starting updateGraphWorker: Project: /dev/null/inferredProject1*
Info 464  [10:31:52.692] Finishing updateGraphWorker: Project: /dev/null/inferredProject1* Version: 74 structureChanged: false Elapsed: 5.451799999922514ms
Info 465  [10:31:52.692] Different program with same set of files:: structureIsReused:: 2
Info 466  [10:31:53.263] Starting updateGraphWorker: Project: /dev/null/inferredProject1*
Info 467  [10:31:53.266] Finishing updateGraphWorker: Project: /dev/null/inferredProject1* Version: 75 structureChanged: false Elapsed: 3.625200000125915ms
Info 468  [10:31:53.277] Different program with same set of files:: structureIsReused:: 2
Info 469  [10:31:53.534] Starting updateGraphWorker: Project: /dev/null/inferredProject1*
Info 470  [10:31:53.537] Finishing updateGraphWorker: Project: /dev/null/inferredProject1* Version: 76 structureChanged: false Elapsed: 3.4474999997764826ms
Info 471  [10:31:53.537] Different program with same set of files:: structureIsReused:: 2
Info 472  [10:31:59.713] Starting updateGraphWorker: Project: /dev/null/inferredProject2*
Info 473  [10:31:59.722] Finishing updateGraphWorker: Project: /dev/null/inferredProject2* Version: 3 structureChanged: false Elapsed: 8.994299999903888ms
Info 474  [10:31:59.722] Different program with same set of files:: structureIsReused:: 2
Info 475  [10:32:00.426] Starting updateGraphWorker: Project: /dev/null/inferredProject2*
Info 476  [10:32:00.430] Finishing updateGraphWorker: Project: /dev/null/inferredProject2* Version: 4 structureChanged: false Elapsed: 3.662599999923259ms
Info 477  [10:32:00.430] Different program with same set of files:: structureIsReused:: 2
Info 478  [10:32:03.279] Starting updateGraphWorker: Project: /dev/null/inferredProject2*
Info 479  [10:32:03.284] Finishing updateGraphWorker: Project: /dev/null/inferredProject2* Version: 5 structureChanged: false Elapsed: 5.3248999998904765ms
Info 480  [10:32:03.284] Different program with same set of files:: structureIsReused:: 2
Info 481  [10:32:16.639] Starting updateGraphWorker: Project: /dev/null/inferredProject2*
Info 482  [10:32:16.645] Finishing updateGraphWorker: Project: /dev/null/inferredProject2* Version: 6 structureChanged: false Elapsed: 6.315700000151992ms
Info 483  [10:32:16.645] Different program with same set of files:: structureIsReused:: 2
Info 484  [10:32:16.938] getCompletionData: Get current token: 0.013199999928474426
Info 485  [10:32:16.938] getCompletionData: Is inside comment: 0.022499999962747097
Info 486  [10:32:16.938] getCompletionData: Get previous token 1: 0.014399999752640724
Info 487  [10:32:16.938] getCompletionData: Get previous token 2: 0.037899999879300594
Info 488  [10:32:16.939] getCompletionsAtPosition: isCompletionListBlocker: 0.009399999864399433
Info 489  [10:32:16.955] getCompletionData: Semantic work: 16.39820000017062
Info 490  [10:32:16.955] getCompletionsAtPosition: getCompletionEntriesFromSymbols: 0.15799999982118607
Info 491  [10:32:17.345] Starting updateGraphWorker: Project: /dev/null/inferredProject2*
Info 492  [10:32:17.350] Finishing updateGraphWorker: Project: /dev/null/inferredProject2* Version: 7 structureChanged: false Elapsed: 5.467399999964982ms
Info 493  [10:32:17.350] Different program with same set of files:: structureIsReused:: 2
Info 494  [10:32:22.643] Starting updateGraphWorker: Project: /dev/null/inferredProject2*
Info 495  [10:32:22.647] Finishing updateGraphWorker: Project: /dev/null/inferredProject2* Version: 8 structureChanged: false Elapsed: 4.366599999833852ms
Info 496  [10:32:22.647] Different program with same set of files:: structureIsReused:: 2
Info 497  [10:32:24.120] Starting updateGraphWorker: Project: /dev/null/inferredProject2*
Info 498  [10:32:24.124] Finishing updateGraphWorker: Project: /dev/null/inferredProject2* Version: 9 structureChanged: false Elapsed: 4.195499999914318ms
Info 499  [10:32:24.124] Different program with same set of files:: structureIsReused:: 2
Info 500  [10:32:28.829] Starting updateGraphWorker: Project: /dev/null/inferredProject2*
Info 501  [10:32:28.832] Finishing updateGraphWorker: Project: /dev/null/inferredProject2* Version: 10 structureChanged: false Elapsed: 3.7113000000827014ms
Info 502  [10:32:28.832] Different program with same set of files:: structureIsReused:: 2
Info 503  [10:32:31.683] Starting updateGraphWorker: Project: /dev/null/inferredProject2*
Info 504  [10:32:31.687] Finishing updateGraphWorker: Project: /dev/null/inferredProject2* Version: 11 structureChanged: false Elapsed: 4.606399999931455ms
Info 505  [10:32:31.687] Different program with same set of files:: structureIsReused:: 2
Info 506  [10:32:31.983] getCompletionData: Get current token: 0.01580000016838312
Info 507  [10:32:31.983] getCompletionData: Is inside comment: 0.0032999999821186066
Info 508  [10:32:31.983] getCompletionData: Get previous token 1: 0.04419999988749623
Info 509  [10:32:31.984] getCompletionData: Get previous token 2: 0.023699999786913395
Info 510  [10:32:31.984] getCompletionsAtPosition: isCompletionListBlocker: 0.00430000014603138
Info 511  [10:32:31.986] getSymbolsFromOtherSourceFileExports: Recomputing list
Info 512  [10:32:31.987] forEachExternalModuleToImportFrom: filtered out 0 modules by package.json contents
Info 513  [10:32:31.987] getSymbolsFromOtherSourceFileExports: 1.12169999955222
Info 514  [10:32:31.988] getCompletionData: Semantic work: 4.4520999998785555
Info 515  [10:32:31.994] getCompletionsAtPosition: getCompletionEntriesFromSymbols: 5.790199999697506
Info 516  [10:32:32.497] Starting updateGraphWorker: Project: /dev/null/inferredProject2*
Info 517  [10:32:32.500] Finishing updateGraphWorker: Project: /dev/null/inferredProject2* Version: 12 structureChanged: false Elapsed: 3.2132999999448657ms
Info 518  [10:32:32.500] Different program with same set of files:: structureIsReused:: 2
Info 519  [10:32:32.935] Starting updateGraphWorker: Project: /dev/null/inferredProject2*
Info 520  [10:32:32.938] Finishing updateGraphWorker: Project: /dev/null/inferredProject2* Version: 13 structureChanged: false Elapsed: 2.8395999995991588ms
Info 521  [10:32:32.938] Different program with same set of files:: structureIsReused:: 2
Info 522  [10:32:35.041] Starting updateGraphWorker: Project: /dev/null/inferredProject2*
Info 523  [10:32:35.045] Finishing updateGraphWorker: Project: /dev/null/inferredProject2* Version: 14 structureChanged: false Elapsed: 3.5451000002212822ms
Info 524  [10:32:35.045] Different program with same set of files:: structureIsReused:: 2
Info 525  [10:32:39.475] Starting updateGraphWorker: Project: /dev/null/inferredProject2*
Info 526  [10:32:39.479] Finishing updateGraphWorker: Project: /dev/null/inferredProject2* Version: 15 structureChanged: false Elapsed: 3.983299999963492ms
Info 527  [10:32:39.479] Different program with same set of files:: structureIsReused:: 2
Info 528  [10:32:43.336] Starting updateGraphWorker: Project: /dev/null/inferredProject2*
Info 529  [10:32:43.340] Finishing updateGraphWorker: Project: /dev/null/inferredProject2* Version: 16 structureChanged: false Elapsed: 3.9980999999679625ms
Info 530  [10:32:43.340] Different program with same set of files:: structureIsReused:: 2
Info 531  [10:32:43.914] Starting updateGraphWorker: Project: /dev/null/inferredProject2*
Info 532  [10:32:43.917] Finishing updateGraphWorker: Project: /dev/null/inferredProject2* Version: 17 structureChanged: false Elapsed: 3.532300000078976ms
Info 533  [10:32:43.917] Different program with same set of files:: structureIsReused:: 2
Info 534  [10:32:44.464] Starting updateGraphWorker: Project: /dev/null/inferredProject2*
Info 535  [10:32:44.469] Finishing updateGraphWorker: Project: /dev/null/inferredProject2* Version: 18 structureChanged: false Elapsed: 4.75760000012815ms
Info 536  [10:32:44.469] Different program with same set of files:: structureIsReused:: 2
Info 537  [10:32:44.764] getCompletionData: Get current token: 0.01000000024214387
Info 538  [10:32:44.764] getCompletionData: Is inside comment: 0.025299999862909317
Info 539  [10:32:44.764] getCompletionData: Get previous token 1: 0.016700000036507845
Info 540  [10:32:44.764] getCompletionData: Get previous token 2: 0.01850000023841858
Info 541  [10:32:44.764] getCompletionsAtPosition: isCompletionListBlocker: 0.002400000113993883
Info 542  [10:32:44.764] Returning an empty list because completion was requested in an invalid position.
Info 543  [10:32:45.025] Starting updateGraphWorker: Project: /dev/null/inferredProject2*
Info 544  [10:32:45.030] Finishing updateGraphWorker: Project: /dev/null/inferredProject2* Version: 19 structureChanged: false Elapsed: 5.099099999759346ms
Info 545  [10:32:45.030] Different program with same set of files:: structureIsReused:: 2
Info 546  [10:32:45.654] Starting updateGraphWorker: Project: /dev/null/inferredProject2*
Info 547  [10:32:45.657] Finishing updateGraphWorker: Project: /dev/null/inferredProject2* Version: 20 structureChanged: false Elapsed: 3.1688999999314547ms
Info 548  [10:32:45.657] Different program with same set of files:: structureIsReused:: 2
Info 549  [10:32:46.019] Starting updateGraphWorker: Project: /dev/null/inferredProject2*
Info 550  [10:32:46.023] Finishing updateGraphWorker: Project: /dev/null/inferredProject2* Version: 21 structureChanged: false Elapsed: 4.403300000354648ms
Info 551  [10:32:46.023] Different program with same set of files:: structureIsReused:: 2
Info 552  [10:32:46.733] Starting updateGraphWorker: Project: /dev/null/inferredProject2*
Info 553  [10:32:46.735] Finishing updateGraphWorker: Project: /dev/null/inferredProject2* Version: 22 structureChanged: false Elapsed: 2.807200000155717ms
Info 554  [10:32:46.735] Different program with same set of files:: structureIsReused:: 2
Info 555  [10:32:47.032] getCompletionData: Get current token: 0.010299999732524157
Info 556  [10:32:47.032] getCompletionData: Is inside comment: 0.02070000022649765
Info 557  [10:32:47.032] getCompletionData: Get previous token 1: 0.015899999998509884
Info 558  [10:32:47.032] getCompletionData: Get previous token 2: 0.019899999722838402
Info 559  [10:32:47.032] getCompletionsAtPosition: isCompletionListBlocker: 0.09189999988302588
Info 560  [10:32:47.036] getSymbolsFromOtherSourceFileExports: Using cached list
Info 561  [10:32:47.037] getCompletionData: Semantic work: 4.567499999888241
Info 562  [10:32:47.040] getCompletionsAtPosition: getCompletionEntriesFromSymbols: 3.0846000001765788
Info 563  [10:32:47.427] Starting updateGraphWorker: Project: /dev/null/inferredProject2*
Info 564  [10:32:47.430] Finishing updateGraphWorker: Project: /dev/null/inferredProject2* Version: 23 structureChanged: false Elapsed: 3.447399999946356ms
Info 565  [10:32:47.430] Different program with same set of files:: structureIsReused:: 2
Info 566  [10:32:47.727] getCompletionData: Get current token: 0.011599999852478504
Info 567  [10:32:47.727] getCompletionData: Is inside comment: 0.027400000020861626
Info 568  [10:32:47.728] getCompletionData: Get previous token 1: 0.021100000012665987
Info 569  [10:32:47.728] getCompletionsAtPosition: isCompletionListBlocker: 0.002199999988079071
Info 570  [10:32:47.728] getCompletionData: Semantic work: 0.627899999730289
Info 571  [10:32:47.730] getCompletionsAtPosition: getCompletionEntriesFromSymbols: 0.2897999999113381
Info 572  [10:32:48.465] Starting updateGraphWorker: Project: /dev/null/inferredProject2*
Info 573  [10:32:48.468] Finishing updateGraphWorker: Project: /dev/null/inferredProject2* Version: 24 structureChanged: false Elapsed: 2.7218000004068017ms
Info 574  [10:32:48.468] Different program with same set of files:: structureIsReused:: 2
Info 575  [10:32:48.831] Starting updateGraphWorker: Project: /dev/null/inferredProject2*
Info 576  [10:32:48.833] Finishing updateGraphWorker: Project: /dev/null/inferredProject2* Version: 25 structureChanged: false Elapsed: 2.808699999935925ms
Info 577  [10:32:48.834] Different program with same set of files:: structureIsReused:: 2
Info 578  [10:32:48.970] Starting updateGraphWorker: Project: /dev/null/inferredProject2*
Info 579  [10:32:48.975] Finishing updateGraphWorker: Project: /dev/null/inferredProject2* Version: 26 structureChanged: false Elapsed: 4.423299999907613ms
Info 580  [10:32:48.975] Different program with same set of files:: structureIsReused:: 2
Info 581  [10:32:48.975] getCompletionData: Get current token: 0.02989999996498227
Info 582  [10:32:48.975] getCompletionData: Is inside comment: 0.006000000052154064
Info 583  [10:32:48.975] getCompletionData: Get previous token 1: 0.030400000046938658
Info 584  [10:32:48.975] getCompletionsAtPosition: isCompletionListBlocker: 0.0026000002399086952
Info 585  [10:32:48.975] getCompletionData: Semantic work: 0.298099999781698
Info 586  [10:32:49.802] Starting updateGraphWorker: Project: /dev/null/inferredProject2*
Info 587  [10:32:49.805] Finishing updateGraphWorker: Project: /dev/null/inferredProject2* Version: 27 structureChanged: false Elapsed: 3.110599999781698ms
Info 588  [10:32:49.805] Different program with same set of files:: structureIsReused:: 2
Info 589  [10:33:41.009] Starting updateGraphWorker: Project: /dev/null/inferredProject2*
Info 590  [10:33:41.012] Finishing updateGraphWorker: Project: /dev/null/inferredProject2* Version: 28 structureChanged: false Elapsed: 2.753499999642372ms
Info 591  [10:33:41.012] Different program with same set of files:: structureIsReused:: 2
Info 592  [10:33:41.852] Starting updateGraphWorker: Project: /dev/null/inferredProject2*
Info 593  [10:33:41.856] Finishing updateGraphWorker: Project: /dev/null/inferredProject2* Version: 29 structureChanged: false Elapsed: 4.425100000575185ms
Info 594  [10:33:41.856] Different program with same set of files:: structureIsReused:: 2
Info 595  [10:33:42.572] Starting updateGraphWorker: Project: /dev/null/inferredProject2*
Info 596  [10:33:42.575] Finishing updateGraphWorker: Project: /dev/null/inferredProject2* Version: 30 structureChanged: false Elapsed: 2.866799999959767ms
Info 597  [10:33:42.575] Different program with same set of files:: structureIsReused:: 2
Info 598  [10:33:42.982] Starting updateGraphWorker: Project: /dev/null/inferredProject2*
Info 599  [10:33:42.986] Finishing updateGraphWorker: Project: /dev/null/inferredProject2* Version: 31 structureChanged: false Elapsed: 4.200100000016391ms
Info 600  [10:33:42.986] Different program with same set of files:: structureIsReused:: 2
Info 601  [10:33:43.328] Starting updateGraphWorker: Project: /dev/null/inferredProject2*
Info 602  [10:33:43.333] Finishing updateGraphWorker: Project: /dev/null/inferredProject2* Version: 32 structureChanged: false Elapsed: 5.36699999962002ms
Info 603  [10:33:43.333] Different program with same set of files:: structureIsReused:: 2
Info 604  [10:33:43.767] Starting updateGraphWorker: Project: /dev/null/inferredProject2*
Info 605  [10:33:43.771] Finishing updateGraphWorker: Project: /dev/null/inferredProject2* Version: 33 structureChanged: false Elapsed: 4.005599999800324ms
Info 606  [10:33:43.771] Different program with same set of files:: structureIsReused:: 2
Info 607  [10:33:43.980] Starting updateGraphWorker: Project: /dev/null/inferredProject2*
Info 608  [10:33:43.984] Finishing updateGraphWorker: Project: /dev/null/inferredProject2* Version: 34 structureChanged: false Elapsed: 4.5077999997884035ms
Info 609  [10:33:43.984] Different program with same set of files:: structureIsReused:: 2
Info 610  [10:33:44.279] getCompletionData: Get current token: 0.011600000783801079
Info 611  [10:33:44.279] getCompletionData: Is inside comment: 0.03039999958127737
Info 612  [10:33:44.279] getCompletionData: Get previous token 1: 0.02199999988079071
Info 613  [10:33:44.279] getCompletionData: Get previous token 2: 0.024500000290572643
Info 614  [10:33:44.279] getCompletionsAtPosition: isCompletionListBlocker: 0.0027000000700354576
Info 615  [10:33:44.282] getCompletionData: Semantic work: 2.330299999564886
Info 616  [10:33:44.282] getCompletionsAtPosition: getCompletionEntriesFromSymbols: 0.0012999996542930603
Info 617  [10:33:44.718] Starting updateGraphWorker: Project: /dev/null/inferredProject2*
Info 618  [10:33:44.722] Finishing updateGraphWorker: Project: /dev/null/inferredProject2* Version: 35 structureChanged: false Elapsed: 3.8009999999776483ms
Info 619  [10:33:44.722] Different program with same set of files:: structureIsReused:: 2
Info 620  [10:33:45.783] Starting updateGraphWorker: Project: /dev/null/inferredProject2*
Info 621  [10:33:45.787] Finishing updateGraphWorker: Project: /dev/null/inferredProject2* Version: 36 structureChanged: false Elapsed: 4.357099999673665ms
Info 622  [10:33:45.787] Different program with same set of files:: structureIsReused:: 2
Info 623  [10:33:46.007] Starting updateGraphWorker: Project: /dev/null/inferredProject2*
Info 624  [10:33:46.011] Finishing updateGraphWorker: Project: /dev/null/inferredProject2* Version: 37 structureChanged: false Elapsed: 3.6708000004291534ms
Info 625  [10:33:46.011] Different program with same set of files:: structureIsReused:: 2
Info 626  [10:33:46.268] Starting updateGraphWorker: Project: /dev/null/inferredProject2*
Info 627  [10:33:46.271] Finishing updateGraphWorker: Project: /dev/null/inferredProject2* Version: 38 structureChanged: false Elapsed: 2.62569999974221ms
Info 628  [10:33:46.271] Different program with same set of files:: structureIsReused:: 2
Info 629  [10:33:46.884] Starting updateGraphWorker: Project: /dev/null/inferredProject2*
Info 630  [10:33:46.888] Finishing updateGraphWorker: Project: /dev/null/inferredProject2* Version: 39 structureChanged: false Elapsed: 3.844500000588596ms
Info 631  [10:33:46.888] Different program with same set of files:: structureIsReused:: 2
Info 632  [10:33:46.888] Starting updateGraphWorker: Project: /dev/null/inferredProject2*
Info 633  [10:33:46.891] Finishing updateGraphWorker: Project: /dev/null/inferredProject2* Version: 40 structureChanged: false Elapsed: 2.6080000000074506ms
Info 634  [10:33:46.891] Different program with same set of files:: structureIsReused:: 2
Info 635  [10:33:47.322] Starting updateGraphWorker: Project: /dev/null/inferredProject2*
Info 636  [10:33:47.325] Finishing updateGraphWorker: Project: /dev/null/inferredProject2* Version: 41 structureChanged: false Elapsed: 2.980299999937415ms
Info 637  [10:33:47.325] Different program with same set of files:: structureIsReused:: 2
Info 638  [10:33:47.325] Starting updateGraphWorker: Project: /dev/null/inferredProject2*
Info 639  [10:33:47.328] Finishing updateGraphWorker: Project: /dev/null/inferredProject2* Version: 42 structureChanged: false Elapsed: 2.985799999907613ms
Info 640  [10:33:47.328] Different program with same set of files:: structureIsReused:: 2
Info 641  [10:33:48.276] Starting updateGraphWorker: Project: /dev/null/inferredProject2*
Info 642  [10:33:48.279] Finishing updateGraphWorker: Project: /dev/null/inferredProject2* Version: 43 structureChanged: false Elapsed: 3.246500000357628ms
Info 643  [10:33:48.279] Different program with same set of files:: structureIsReused:: 2
Info 644  [10:33:50.318] Starting updateGraphWorker: Project: /dev/null/inferredProject2*
Info 645  [10:33:50.321] Finishing updateGraphWorker: Project: /dev/null/inferredProject2* Version: 44 structureChanged: false Elapsed: 3.1825000001117587ms
Info 646  [10:33:50.321] Different program with same set of files:: structureIsReused:: 2
Info 647  [10:33:50.902] Starting updateGraphWorker: Project: /dev/null/inferredProject2*
Info 648  [10:33:50.906] Finishing updateGraphWorker: Project: /dev/null/inferredProject2* Version: 45 structureChanged: false Elapsed: 4.27170000039041ms
Info 649  [10:33:50.906] Different program with same set of files:: structureIsReused:: 2
Info 650  [10:33:51.134] Starting updateGraphWorker: Project: /dev/null/inferredProject2*
Info 651  [10:33:51.137] Finishing updateGraphWorker: Project: /dev/null/inferredProject2* Version: 46 structureChanged: false Elapsed: 3.527599999681115ms
Info 652  [10:33:51.137] Different program with same set of files:: structureIsReused:: 2
Info 653  [10:33:51.343] Starting updateGraphWorker: Project: /dev/null/inferredProject2*
Info 654  [10:33:51.346] Finishing updateGraphWorker: Project: /dev/null/inferredProject2* Version: 47 structureChanged: false Elapsed: 3.399799999780953ms
Info 655  [10:33:51.346] Different program with same set of files:: structureIsReused:: 2
Info 656  [10:33:51.696] Starting updateGraphWorker: Project: /dev/null/inferredProject2*
Info 657  [10:33:51.699] Finishing updateGraphWorker: Project: /dev/null/inferredProject2* Version: 48 structureChanged: false Elapsed: 2.934099999256432ms
Info 658  [10:33:51.699] Different program with same set of files:: structureIsReused:: 2
Info 659  [10:33:51.995] getCompletionData: Get current token: 0.01580000016838312
Info 660  [10:33:51.995] getCompletionData: Is inside comment: 0.005700000561773777
Info 661  [10:33:51.995] getCompletionData: Get previous token 1: 0.049399999901652336
Info 662  [10:33:51.996] getCompletionData: Get previous token 2: 0.03280000016093254
Info 663  [10:33:51.996] getCompletionsAtPosition: isCompletionListBlocker: 0.056499999947845936
Info 664  [10:33:51.999] getSymbolsFromOtherSourceFileExports: Using cached list
Info 665  [10:33:52.000] getCompletionData: Semantic work: 4.223699999973178
Info 666  [10:33:52.005] getCompletionsAtPosition: getCompletionEntriesFromSymbols: 3.9617000008001924
Info 667  [10:33:53.402] Starting updateGraphWorker: Project: /dev/null/inferredProject2*
Info 668  [10:33:53.407] Finishing updateGraphWorker: Project: /dev/null/inferredProject2* Version: 49 structureChanged: false Elapsed: 5.292999999597669ms
Info 669  [10:33:53.407] Different program with same set of files:: structureIsReused:: 2
Info 670  [10:33:53.408] getCompletionData: Get current token: 0.04040000028908253
Info 671  [10:33:53.408] getCompletionData: Is inside comment: 0.00930000003427267
Info 672  [10:33:53.408] getCompletionData: Get previous token 1: 0.043100000359117985
Info 673  [10:33:53.408] getCompletionData: Get previous token 2: 0.03739999979734421
Info 674  [10:33:53.408] getCompletionsAtPosition: isCompletionListBlocker: 0.005400000140070915
Info 675  [10:33:53.411] getSymbolsFromOtherSourceFileExports: Recomputing list for details entry
Info 676  [10:33:53.412] forEachExternalModuleToImportFrom: filtered out 0 modules by package.json contents
Info 677  [10:33:53.412] getSymbolsFromOtherSourceFileExports: 1.8267000000923872
Info 678  [10:33:53.413] getCompletionData: Semantic work: 5.048099999316037
Info 679  [10:33:55.285] Starting updateGraphWorker: Project: /dev/null/inferredProject2*
Info 680  [10:33:55.296] Finishing updateGraphWorker: Project: /dev/null/inferredProject2* Version: 50 structureChanged: false Elapsed: 10.744700000621378ms
Info 681  [10:33:55.296] Different program with same set of files:: structureIsReused:: 2
Info 682  [10:34:45.201] Starting updateGraphWorker: Project: /dev/null/inferredProject2*
Info 683  [10:34:45.207] Finishing updateGraphWorker: Project: /dev/null/inferredProject2* Version: 51 structureChanged: false Elapsed: 6.196899999864399ms
Info 684  [10:34:45.207] Different program with same set of files:: structureIsReused:: 2
Info 685  [10:34:45.569] Starting updateGraphWorker: Project: /dev/null/inferredProject2*
Info 686  [10:34:45.573] Finishing updateGraphWorker: Project: /dev/null/inferredProject2* Version: 52 structureChanged: false Elapsed: 3.683399999514222ms
Info 687  [10:34:45.573] Different program with same set of files:: structureIsReused:: 2
Info 688  [10:34:46.107] Starting updateGraphWorker: Project: /dev/null/inferredProject2*
Info 689  [10:34:46.111] Finishing updateGraphWorker: Project: /dev/null/inferredProject2* Version: 53 structureChanged: false Elapsed: 3.5668000001460314ms
Info 690  [10:34:46.111] Different program with same set of files:: structureIsReused:: 2
Info 691  [10:34:47.920] Starting updateGraphWorker: Project: /dev/null/inferredProject2*
Info 692  [10:34:47.924] Finishing updateGraphWorker: Project: /dev/null/inferredProject2* Version: 54 structureChanged: false Elapsed: 3.6080000000074506ms
Info 693  [10:34:47.924] Different program with same set of files:: structureIsReused:: 2
Info 694  [10:35:08.610] Starting updateGraphWorker: Project: /dev/null/inferredProject1*
Info 695  [10:35:08.617] Finishing updateGraphWorker: Project: /dev/null/inferredProject1* Version: 77 structureChanged: false Elapsed: 6.580199999734759ms
Info 696  [10:35:08.617] Different program with same set of files:: structureIsReused:: 2
Info 697  [10:35:08.832] Starting updateGraphWorker: Project: /dev/null/inferredProject1*
Info 698  [10:35:08.835] Finishing updateGraphWorker: Project: /dev/null/inferredProject1* Version: 78 structureChanged: false Elapsed: 3.414300000295043ms
Info 699  [10:35:08.835] Different program with same set of files:: structureIsReused:: 2
Info 700  [10:35:11.808] Starting updateGraphWorker: Project: /dev/null/inferredProject1*
Info 701  [10:35:11.811] Finishing updateGraphWorker: Project: /dev/null/inferredProject1* Version: 79 structureChanged: false Elapsed: 2.842399999499321ms
Info 702  [10:35:11.811] Different program with same set of files:: structureIsReused:: 2
Info 703  [10:35:12.581] Starting updateGraphWorker: Project: /dev/null/inferredProject1*
Info 704  [10:35:12.584] Finishing updateGraphWorker: Project: /dev/null/inferredProject1* Version: 80 structureChanged: false Elapsed: 2.7355000004172325ms
Info 705  [10:35:12.584] Different program with same set of files:: structureIsReused:: 2
Info 706  [10:35:14.483] Starting updateGraphWorker: Project: /dev/null/inferredProject1*
Info 707  [10:35:14.487] Finishing updateGraphWorker: Project: /dev/null/inferredProject1* Version: 81 structureChanged: false Elapsed: 3.52419999986887ms
Info 708  [10:35:14.498] Different program with same set of files:: structureIsReused:: 2
Info 709  [10:35:14.737] Starting updateGraphWorker: Project: /dev/null/inferredProject1*
Info 710  [10:35:14.740] Finishing updateGraphWorker: Project: /dev/null/inferredProject1* Version: 82 structureChanged: false Elapsed: 3.0433999998494983ms
Info 711  [10:35:14.741] Different program with same set of files:: structureIsReused:: 2
Info 712  [10:35:14.986] Starting updateGraphWorker: Project: /dev/null/inferredProject1*
Info 713  [10:35:14.988] Finishing updateGraphWorker: Project: /dev/null/inferredProject1* Version: 83 structureChanged: false Elapsed: 2.306700000539422ms
Info 714  [10:35:14.988] Different program with same set of files:: structureIsReused:: 2
Info 715  [10:35:15.286] getCompletionData: Get current token: 0.007500000298023224
Info 716  [10:35:15.286] getCompletionData: Is inside comment: 0.05630000028759241
Info 717  [10:35:15.286] Returning an empty list because completion was inside a regular comment or plain text part of a JsDoc comment.
Info 718  [10:35:16.679] Starting updateGraphWorker: Project: /dev/null/inferredProject1*
Info 719  [10:35:16.681] Finishing updateGraphWorker: Project: /dev/null/inferredProject1* Version: 84 structureChanged: false Elapsed: 2.473699999973178ms
Info 720  [10:35:16.681] Different program with same set of files:: structureIsReused:: 2
Info 721  [10:35:22.259] Starting updateGraphWorker: Project: /dev/null/inferredProject2*
Info 722  [10:35:22.263] Finishing updateGraphWorker: Project: /dev/null/inferredProject2* Version: 55 structureChanged: false Elapsed: 3.9126999992877245ms
Info 723  [10:35:22.263] Different program with same set of files:: structureIsReused:: 2
Info 724  [10:35:22.950] Starting updateGraphWorker: Project: /dev/null/inferredProject2*
Info 725  [10:35:22.953] Finishing updateGraphWorker: Project: /dev/null/inferredProject2* Version: 56 structureChanged: false Elapsed: 3.5284000001847744ms
Info 726  [10:35:22.954] Different program with same set of files:: structureIsReused:: 2
Info 727  [10:35:23.998] Starting updateGraphWorker: Project: /dev/null/inferredProject2*
Info 728  [10:35:24.004] Finishing updateGraphWorker: Project: /dev/null/inferredProject2* Version: 57 structureChanged: false Elapsed: 5.419099999591708ms
Info 729  [10:35:24.004] Different program with same set of files:: structureIsReused:: 2
Info 730  [10:35:24.298] getCompletionData: Get current token: 0.008500000461935997
Info 731  [10:35:24.298] getCompletionData: Is inside comment: 0.043499999679625034
Info 732  [10:35:24.298] Returning an empty list because completion was inside a regular comment or plain text part of a JsDoc comment.
Info 733  [10:35:26.297] Starting updateGraphWorker: Project: /dev/null/inferredProject2*
Info 734  [10:35:26.303] Finishing updateGraphWorker: Project: /dev/null/inferredProject2* Version: 58 structureChanged: false Elapsed: 6.151600000448525ms
Info 735  [10:35:26.303] Different program with same set of files:: structureIsReused:: 2
Info 736  [10:35:26.797] Starting updateGraphWorker: Project: /dev/null/inferredProject2*
Info 737  [10:35:26.802] Finishing updateGraphWorker: Project: /dev/null/inferredProject2* Version: 59 structureChanged: false Elapsed: 4.345800000242889ms
Info 738  [10:35:26.802] Different program with same set of files:: structureIsReused:: 2
Info 739  [10:35:27.188] Starting updateGraphWorker: Project: /dev/null/inferredProject2*
Info 740  [10:35:27.192] Finishing updateGraphWorker: Project: /dev/null/inferredProject2* Version: 60 structureChanged: false Elapsed: 3.583100000396371ms
Info 741  [10:35:27.192] Different program with same set of files:: structureIsReused:: 2
Info 742  [10:35:27.464] Starting updateGraphWorker: Project: /dev/null/inferredProject2*
Info 743  [10:35:27.469] Finishing updateGraphWorker: Project: /dev/null/inferredProject2* Version: 61 structureChanged: false Elapsed: 5.170300000347197ms
Info 744  [10:35:27.480] Different program with same set of files:: structureIsReused:: 2
Info 745  [10:35:28.098] Starting updateGraphWorker: Project: /dev/null/inferredProject2*
Info 746  [10:35:28.101] Finishing updateGraphWorker: Project: /dev/null/inferredProject2* Version: 62 structureChanged: false Elapsed: 2.9380000000819564ms
Info 747  [10:35:28.101] Different program with same set of files:: structureIsReused:: 2
Info 748  [10:35:28.379] Starting updateGraphWorker: Project: /dev/null/inferredProject2*
Info 749  [10:35:28.383] Finishing updateGraphWorker: Project: /dev/null/inferredProject2* Version: 63 structureChanged: false Elapsed: 3.7584000006318092ms
Info 750  [10:35:28.383] Different program with same set of files:: structureIsReused:: 2
Info 751  [10:35:29.967] Starting updateGraphWorker: Project: /dev/null/inferredProject2*
Info 752  [10:35:29.973] Finishing updateGraphWorker: Project: /dev/null/inferredProject2* Version: 64 structureChanged: false Elapsed: 5.987800000235438ms
Info 753  [10:35:29.973] Different program with same set of files:: structureIsReused:: 2
Info 754  [10:35:30.266] getCompletionData: Get current token: 0.007799999788403511
Info 755  [10:35:30.267] getCompletionData: Is inside comment: 0.031199999153614044
Info 756  [10:35:30.267] getCompletionData: Get previous token 1: 0.02630000002682209
Info 757  [10:35:30.267] getCompletionData: Get previous token 2: 0.05159999988973141
Info 758  [10:35:30.267] getCompletionsAtPosition: isCompletionListBlocker: 0.22880000062286854
Info 759  [10:35:30.281] getCompletionData: Semantic work: 13.556499999947846
Info 760  [10:35:30.281] getCompletionsAtPosition: getCompletionEntriesFromSymbols: 0.0021000001579523087
Info 761  [10:35:30.893] Starting updateGraphWorker: Project: /dev/null/inferredProject2*
Info 762  [10:35:30.896] Finishing updateGraphWorker: Project: /dev/null/inferredProject2* Version: 65 structureChanged: false Elapsed: 3.263600000180304ms
Info 763  [10:35:30.896] Different program with same set of files:: structureIsReused:: 2
Info 764  [10:35:33.101] Starting updateGraphWorker: Project: /dev/null/inferredProject2*
Info 765  [10:35:33.104] Finishing updateGraphWorker: Project: /dev/null/inferredProject2* Version: 66 structureChanged: false Elapsed: 2.556100000627339ms
Info 766  [10:35:33.104] Different program with same set of files:: structureIsReused:: 2
Info 767  [10:35:34.064] Starting updateGraphWorker: Project: /dev/null/inferredProject2*
Info 768  [10:35:34.068] Finishing updateGraphWorker: Project: /dev/null/inferredProject2* Version: 67 structureChanged: false Elapsed: 3.363399999216199ms
Info 769  [10:35:34.068] Different program with same set of files:: structureIsReused:: 2
Info 770  [10:35:34.413] Starting updateGraphWorker: Project: /dev/null/inferredProject2*
Info 771  [10:35:34.416] Finishing updateGraphWorker: Project: /dev/null/inferredProject2* Version: 68 structureChanged: false Elapsed: 3.544000000692904ms
Info 772  [10:35:34.416] Different program with same set of files:: structureIsReused:: 2
Info 773  [10:35:34.784] Starting updateGraphWorker: Project: /dev/null/inferredProject2*
Info 774  [10:35:34.787] Finishing updateGraphWorker: Project: /dev/null/inferredProject2* Version: 69 structureChanged: false Elapsed: 3.159999999217689ms
Info 775  [10:35:34.787] Different program with same set of files:: structureIsReused:: 2
Info 776  [10:35:36.087] Starting updateGraphWorker: Project: /dev/null/inferredProject2*
Info 777  [10:35:36.089] Finishing updateGraphWorker: Project: /dev/null/inferredProject2* Version: 70 structureChanged: false Elapsed: 2.4940999997779727ms
Info 778  [10:35:36.089] Different program with same set of files:: structureIsReused:: 2
Info 779  [10:35:36.575] Starting updateGraphWorker: Project: /dev/null/inferredProject2*
Info 780  [10:35:36.579] Finishing updateGraphWorker: Project: /dev/null/inferredProject2* Version: 71 structureChanged: false Elapsed: 4.25550000090152ms
Info 781  [10:35:36.579] Different program with same set of files:: structureIsReused:: 2
Info 782  [10:35:36.875] getCompletionData: Get current token: 0.01360000018030405
Info 783  [10:35:36.875] getCompletionData: Is inside comment: 0.01790000032633543
Info 784  [10:35:36.875] getCompletionData: Get previous token 1: 0.013400000520050526
Info 785  [10:35:36.875] getCompletionData: Get previous token 2: 0.029500000178813934
Info 786  [10:35:36.875] getCompletionsAtPosition: isCompletionListBlocker: 0.00279999990016222
Info 787  [10:35:36.879] getSymbolsFromOtherSourceFileExports: Using cached list
Info 788  [10:35:36.880] getCompletionData: Semantic work: 4.801500000059605
Info 789  [10:35:36.886] getCompletionsAtPosition: getCompletionEntriesFromSymbols: 5.988200000487268
Info 790  [10:35:37.397] Starting updateGraphWorker: Project: /dev/null/inferredProject2*
Info 791  [10:35:37.401] Finishing updateGraphWorker: Project: /dev/null/inferredProject2* Version: 72 structureChanged: false Elapsed: 3.7983999997377396ms
Info 792  [10:35:37.401] Different program with same set of files:: structureIsReused:: 2
Info 793  [10:35:39.046] Starting updateGraphWorker: Project: /dev/null/inferredProject2*
Info 794  [10:35:39.049] Finishing updateGraphWorker: Project: /dev/null/inferredProject2* Version: 73 structureChanged: false Elapsed: 2.723699999973178ms
Info 795  [10:35:39.049] Different program with same set of files:: structureIsReused:: 2
Info 796  [10:35:39.747] Starting updateGraphWorker: Project: /dev/null/inferredProject2*
Info 797  [10:35:39.750] Finishing updateGraphWorker: Project: /dev/null/inferredProject2* Version: 74 structureChanged: false Elapsed: 2.7399000003933907ms
Info 798  [10:35:39.762] Different program with same set of files:: structureIsReused:: 2
Info 799  [10:35:40.047] getCompletionData: Get current token: 0.012400000356137753
Info 800  [10:35:40.047] getCompletionData: Is inside comment: 0.08019999973475933
Info 801  [10:35:40.047] getCompletionData: Get previous token 1: 0.019700000062584877
Info 802  [10:35:40.047] getCompletionData: Get previous token 2: 0.016599999740719795
Info 803  [10:35:40.047] getCompletionsAtPosition: isCompletionListBlocker: 0.004399999976158142
Info 804  [10:35:40.051] getSymbolsFromOtherSourceFileExports: Using cached list
Info 805  [10:35:40.052] getCompletionData: Semantic work: 4.942199999466538
Info 806  [10:35:40.057] getCompletionsAtPosition: getCompletionEntriesFromSymbols: 5.362999999895692
Info 807  [10:35:42.236] Starting updateGraphWorker: Project: /dev/null/inferredProject2*
Info 808  [10:35:42.238] Finishing updateGraphWorker: Project: /dev/null/inferredProject2* Version: 75 structureChanged: false Elapsed: 2.3176000006496906ms
Info 809  [10:35:42.238] Different program with same set of files:: structureIsReused:: 2
Info 810  [10:35:42.464] Starting updateGraphWorker: Project: /dev/null/inferredProject2*
Info 811  [10:35:42.467] Finishing updateGraphWorker: Project: /dev/null/inferredProject2* Version: 76 structureChanged: false Elapsed: 2.3247999995946884ms
Info 812  [10:35:42.467] Different program with same set of files:: structureIsReused:: 2
Info 813  [10:35:42.861] Starting updateGraphWorker: Project: /dev/null/inferredProject2*
Info 814  [10:35:42.863] Finishing updateGraphWorker: Project: /dev/null/inferredProject2* Version: 77 structureChanged: false Elapsed: 2.250599999912083ms
Info 815  [10:35:42.863] Different program with same set of files:: structureIsReused:: 2
Info 816  [10:35:43.084] Starting updateGraphWorker: Project: /dev/null/inferredProject2*
Info 817  [10:35:43.087] Finishing updateGraphWorker: Project: /dev/null/inferredProject2* Version: 78 structureChanged: false Elapsed: 2.247599999420345ms
Info 818  [10:35:43.087] Different program with same set of files:: structureIsReused:: 2
